#
# There is insufficient memory for the Java Runtime Environment to continue.
# Native memory allocation (malloc) failed to allocate 296976 bytes for Chunk::new
# Possible reasons:
#   The system is out of physical RAM or swap space
#   The process is running with CompressedOops enabled, and the Java Heap may be blocking the growth of the native heap
# Possible solutions:
#   Reduce memory load on the system
#   Increase physical memory or swap space
#   Check if swap backing store is full
#   Decrease Java heap size (-Xmx/-Xms)
#   Decrease number of Java threads
#   Decrease Java thread stack sizes (-Xss)
#   Set larger code cache with -XX:ReservedCodeCacheSize=
#   JVM is running with Unscaled Compressed Oops mode in which the Java heap is
#     placed in the first 4GB address space. The Java Heap base address is the
#     maximum limit for the native heap growth. Please use -XX:HeapBaseMinAddress
#     to set the Java Heap base and to place the Java Heap above 4GB virtual address.
# This output file may be truncated or incomplete.
#
#  Out of Memory Error (arena.cpp:189), pid=14584, tid=13880
#
# JRE version: OpenJDK Runtime Environment (17.0.6) (build 17.0.6+0-b2043.56-9586694)
# Java VM: OpenJDK 64-Bit Server VM (17.0.6+0-b2043.56-9586694, mixed mode, tiered, compressed oops, compressed class ptrs, g1 gc, windows-amd64)
# No core dump will be written. Minidumps are not enabled by default on client versions of Windows
#

---------------  S U M M A R Y ------------

Command Line: org.jetbrains.kotlin.cli.jvm.K2JVMCompiler @C:\Users\DaViD\AndroidStudioProjects\MyWeatherApp\app\build\20230826_14871580761927043213.compiler.options

Host: Intel(R) Core(TM) i7-3612QM CPU @ 2.10GHz, 8 cores, 7G,  Windows 10 , 64 bit Build 19041 (10.0.19041.3155)
Time: Sat Aug 26 23:22:43 2023  Windows 10 , 64 bit Build 19041 (10.0.19041.3155) elapsed time: 1.277700 seconds (0d 0h 0m 1s)

---------------  T H R E A D  ---------------

Current thread (0x0000019fa350c870):  JavaThread "C2 CompilerThread0" daemon [_thread_in_native, id=13880, stack(0x0000001934f00000,0x0000001935000000)]


Current CompileTask:
C2:   1277  740   !   4       java.util.zip.ZipFile$Source::getEntryPos (173 bytes)

Stack: [0x0000001934f00000,0x0000001935000000]
Native frames: (J=compiled Java code, j=interpreted, Vv=VM code, C=native code)
V  [jvm.dll+0x683b4a]
V  [jvm.dll+0x842654]
V  [jvm.dll+0x843dfe]
V  [jvm.dll+0x844463]
V  [jvm.dll+0x249b75]
V  [jvm.dll+0xabcac]
V  [jvm.dll+0xac27c]
V  [jvm.dll+0x2b0eef]
V  [jvm.dll+0x58a207]
V  [jvm.dll+0x2243b2]
V  [jvm.dll+0x22478f]
V  [jvm.dll+0x21e055]
V  [jvm.dll+0x21b51b]
V  [jvm.dll+0x1a4fdd]
V  [jvm.dll+0x22b098]
V  [jvm.dll+0x229159]
V  [jvm.dll+0x7f809c]
V  [jvm.dll+0x7f25fa]
V  [jvm.dll+0x682985]
C  [ucrtbase.dll+0x21bb2]
C  [KERNEL32.DLL+0x17614]
C  [ntdll.dll+0x526b1]


---------------  P R O C E S S  ---------------

Threads class SMR info:
_java_thread_list=0x0000019fa369e450, length=13, elements={
0x0000019f88d88cb0, 0x0000019fa2b33260, 0x0000019fa2b33ed0, 0x0000019fa35099c0,
0x0000019fa350a370, 0x0000019fa350ad20, 0x0000019fa350bae0, 0x0000019fa350c870,
0x0000019fa350dab0, 0x0000019fa352ce00, 0x0000019fa369ff60, 0x0000019fa36a9ae0,
0x0000019fa36bd4b0
}

Java Threads: ( => current thread )
  0x0000019f88d88cb0 JavaThread "main" [_thread_in_vm, id=9452, stack(0x0000001934200000,0x0000001934300000)]
  0x0000019fa2b33260 JavaThread "Reference Handler" daemon [_thread_blocked, id=6200, stack(0x0000001934900000,0x0000001934a00000)]
  0x0000019fa2b33ed0 JavaThread "Finalizer" daemon [_thread_blocked, id=4288, stack(0x0000001934a00000,0x0000001934b00000)]
  0x0000019fa35099c0 JavaThread "Signal Dispatcher" daemon [_thread_blocked, id=6560, stack(0x0000001934b00000,0x0000001934c00000)]
  0x0000019fa350a370 JavaThread "Attach Listener" daemon [_thread_blocked, id=15808, stack(0x0000001934c00000,0x0000001934d00000)]
  0x0000019fa350ad20 JavaThread "Service Thread" daemon [_thread_blocked, id=5752, stack(0x0000001934d00000,0x0000001934e00000)]
  0x0000019fa350bae0 JavaThread "Monitor Deflation Thread" daemon [_thread_blocked, id=10904, stack(0x0000001934e00000,0x0000001934f00000)]
=>0x0000019fa350c870 JavaThread "C2 CompilerThread0" daemon [_thread_in_native, id=13880, stack(0x0000001934f00000,0x0000001935000000)]
  0x0000019fa350dab0 JavaThread "C1 CompilerThread0" daemon [_thread_blocked, id=10260, stack(0x0000001935000000,0x0000001935100000)]
  0x0000019fa352ce00 JavaThread "Sweeper thread" daemon [_thread_blocked, id=4868, stack(0x0000001935100000,0x0000001935200000)]
  0x0000019fa369ff60 JavaThread "Notification Thread" daemon [_thread_blocked, id=1268, stack(0x0000001935200000,0x0000001935300000)]
  0x0000019fa36a9ae0 JavaThread "Common-Cleaner" daemon [_thread_blocked, id=2132, stack(0x0000001935400000,0x0000001935500000)]
  0x0000019fa36bd4b0 JavaThread "C2 CompilerThread1" daemon [_thread_in_native, id=8308, stack(0x0000001935500000,0x0000001935600000)]

Other Threads:
  0x0000019fa2b0eb20 VMThread "VM Thread" [stack: 0x0000001934800000,0x0000001934900000] [id=10772] _threads_hazard_ptr=0x0000019fa369e450
  0x0000019fa36a0430 WatcherThread [stack: 0x0000001935300000,0x0000001935400000] [id=5920]
  0x0000019f88de7f90 GCTaskThread "GC Thread#0" [stack: 0x0000001934300000,0x0000001934400000] [id=12256]
  0x0000019fa3c4f940 GCTaskThread "GC Thread#1" [stack: 0x0000001935600000,0x0000001935700000] [id=4040]
  0x0000019fa3ba0400 GCTaskThread "GC Thread#2" [stack: 0x0000001935700000,0x0000001935800000] [id=4400]
  0x0000019fa3c59620 GCTaskThread "GC Thread#3" [stack: 0x0000001935800000,0x0000001935900000] [id=14464]
  0x0000019fa3c70e50 GCTaskThread "GC Thread#4" [stack: 0x0000001935900000,0x0000001935a00000] [id=15984]
  0x0000019f88df8a10 ConcurrentGCThread "G1 Main Marker" [stack: 0x0000001934400000,0x0000001934500000] [id=6488]
  0x0000019f88df9320 ConcurrentGCThread "G1 Conc#0" [stack: 0x0000001934500000,0x0000001934600000] [id=13916]
  0x0000019f88e5e8a0 ConcurrentGCThread "G1 Refine#0" [stack: 0x0000001934600000,0x0000001934700000] [id=1980]
  0x0000019fa29602f0 ConcurrentGCThread "G1 Service" [stack: 0x0000001934700000,0x0000001934800000] [id=13808]

Threads with active compile tasks:
C2 CompilerThread0     2365  740   !   4       java.util.zip.ZipFile$Source::getEntryPos (173 bytes)
C2 CompilerThread1     2365  741   !   4       java.util.zip.ZipFile::getEntry (59 bytes)

VM state: synchronizing (normal execution)

VM Mutex/Monitor currently owned by a thread:  ([mutex/lock_event])
[0x0000019f88d82af0] Metaspace_lock - owner thread: 0x0000019f88d88cb0
[0x0000019f88d862a0] Threads_lock - owner thread: 0x0000019fa2b0eb20

Heap address: 0x0000000081e00000, size: 2018 MB, Compressed Oops mode: 32-bit

CDS archive(s) not mapped
Compressed class space mapped at: 0x0000000100000000-0x0000000140000000, reserved size: 1073741824
Narrow klass base: 0x0000000000000000, Narrow klass shift: 3, Narrow klass range: 0x140000000

GC Precious Log:
 CPUs: 8 total, 8 available
 Memory: 8067M
 Large Page Support: Disabled
 NUMA Support: Disabled
 Compressed Oops: Enabled (32-bit)
 Heap Region Size: 1M
 Heap Min Capacity: 8M
 Heap Initial Capacity: 128M
 Heap Max Capacity: 2018M
 Pre-touch: Disabled
 Parallel Workers: 8
 Concurrent Workers: 2
 Concurrent Refinement Workers: 8
 Periodic GC: Disabled

Heap:
 garbage-first heap   total 131072K, used 11007K [0x0000000081e00000, 0x0000000100000000)
  region size 1024K, 8 young (8192K), 3 survivors (3072K)
 Metaspace       used 14218K, committed 14336K, reserved 1064960K
  class space    used 1396K, committed 1472K, reserved 1048576K

Heap Regions: E=young(eden), S=young(survivor), O=old, HS=humongous(starts), HC=humongous(continues), CS=collection set, F=free, OA=open archive, CA=closed archive, TAMS=top-at-mark-start (previous, next)
|   0|0x0000000081e00000, 0x0000000081f00000, 0x0000000081f00000|100%|HS|  |TAMS 0x0000000081e00000, 0x0000000081e00000| Complete 
|   1|0x0000000081f00000, 0x0000000082000000, 0x0000000082000000|100%|HC|  |TAMS 0x0000000081f00000, 0x0000000081f00000| Complete 
|   2|0x0000000082000000, 0x0000000082100000, 0x0000000082100000|100%|HC|  |TAMS 0x0000000082000000, 0x0000000082000000| Complete 
|   3|0x0000000082100000, 0x0000000082200000, 0x0000000082200000|100%|HC|  |TAMS 0x0000000082100000, 0x0000000082100000| Complete 
|   4|0x0000000082200000, 0x0000000082200000, 0x0000000082300000|  0%| F|  |TAMS 0x0000000082200000, 0x0000000082200000| Untracked 
|   5|0x0000000082300000, 0x0000000082300000, 0x0000000082400000|  0%| F|  |TAMS 0x0000000082300000, 0x0000000082300000| Untracked 
|   6|0x0000000082400000, 0x0000000082400000, 0x0000000082500000|  0%| F|  |TAMS 0x0000000082400000, 0x0000000082400000| Untracked 
|   7|0x0000000082500000, 0x0000000082500000, 0x0000000082600000|  0%| F|  |TAMS 0x0000000082500000, 0x0000000082500000| Untracked 
|   8|0x0000000082600000, 0x0000000082600000, 0x0000000082700000|  0%| F|  |TAMS 0x0000000082600000, 0x0000000082600000| Untracked 
|   9|0x0000000082700000, 0x0000000082700000, 0x0000000082800000|  0%| F|  |TAMS 0x0000000082700000, 0x0000000082700000| Untracked 
|  10|0x0000000082800000, 0x0000000082800000, 0x0000000082900000|  0%| F|  |TAMS 0x0000000082800000, 0x0000000082800000| Untracked 
|  11|0x0000000082900000, 0x0000000082900000, 0x0000000082a00000|  0%| F|  |TAMS 0x0000000082900000, 0x0000000082900000| Untracked 
|  12|0x0000000082a00000, 0x0000000082a00000, 0x0000000082b00000|  0%| F|  |TAMS 0x0000000082a00000, 0x0000000082a00000| Untracked 
|  13|0x0000000082b00000, 0x0000000082b00000, 0x0000000082c00000|  0%| F|  |TAMS 0x0000000082b00000, 0x0000000082b00000| Untracked 
|  14|0x0000000082c00000, 0x0000000082c00000, 0x0000000082d00000|  0%| F|  |TAMS 0x0000000082c00000, 0x0000000082c00000| Untracked 
|  15|0x0000000082d00000, 0x0000000082d00000, 0x0000000082e00000|  0%| F|  |TAMS 0x0000000082d00000, 0x0000000082d00000| Untracked 
|  16|0x0000000082e00000, 0x0000000082e00000, 0x0000000082f00000|  0%| F|  |TAMS 0x0000000082e00000, 0x0000000082e00000| Untracked 
|  17|0x0000000082f00000, 0x0000000082f00000, 0x0000000083000000|  0%| F|  |TAMS 0x0000000082f00000, 0x0000000082f00000| Untracked 
|  18|0x0000000083000000, 0x0000000083000000, 0x0000000083100000|  0%| F|  |TAMS 0x0000000083000000, 0x0000000083000000| Untracked 
|  19|0x0000000083100000, 0x0000000083100000, 0x0000000083200000|  0%| F|  |TAMS 0x0000000083100000, 0x0000000083100000| Untracked 
|  20|0x0000000083200000, 0x0000000083200000, 0x0000000083300000|  0%| F|  |TAMS 0x0000000083200000, 0x0000000083200000| Untracked 
|  21|0x0000000083300000, 0x0000000083300000, 0x0000000083400000|  0%| F|  |TAMS 0x0000000083300000, 0x0000000083300000| Untracked 
|  22|0x0000000083400000, 0x0000000083400000, 0x0000000083500000|  0%| F|  |TAMS 0x0000000083400000, 0x0000000083400000| Untracked 
|  23|0x0000000083500000, 0x0000000083500000, 0x0000000083600000|  0%| F|  |TAMS 0x0000000083500000, 0x0000000083500000| Untracked 
|  24|0x0000000083600000, 0x0000000083600000, 0x0000000083700000|  0%| F|  |TAMS 0x0000000083600000, 0x0000000083600000| Untracked 
|  25|0x0000000083700000, 0x0000000083700000, 0x0000000083800000|  0%| F|  |TAMS 0x0000000083700000, 0x0000000083700000| Untracked 
|  26|0x0000000083800000, 0x0000000083800000, 0x0000000083900000|  0%| F|  |TAMS 0x0000000083800000, 0x0000000083800000| Untracked 
|  27|0x0000000083900000, 0x0000000083900000, 0x0000000083a00000|  0%| F|  |TAMS 0x0000000083900000, 0x0000000083900000| Untracked 
|  28|0x0000000083a00000, 0x0000000083a00000, 0x0000000083b00000|  0%| F|  |TAMS 0x0000000083a00000, 0x0000000083a00000| Untracked 
|  29|0x0000000083b00000, 0x0000000083b00000, 0x0000000083c00000|  0%| F|  |TAMS 0x0000000083b00000, 0x0000000083b00000| Untracked 
|  30|0x0000000083c00000, 0x0000000083c00000, 0x0000000083d00000|  0%| F|  |TAMS 0x0000000083c00000, 0x0000000083c00000| Untracked 
|  31|0x0000000083d00000, 0x0000000083d00000, 0x0000000083e00000|  0%| F|  |TAMS 0x0000000083d00000, 0x0000000083d00000| Untracked 
|  32|0x0000000083e00000, 0x0000000083e00000, 0x0000000083f00000|  0%| F|  |TAMS 0x0000000083e00000, 0x0000000083e00000| Untracked 
|  33|0x0000000083f00000, 0x0000000083f00000, 0x0000000084000000|  0%| F|  |TAMS 0x0000000083f00000, 0x0000000083f00000| Untracked 
|  34|0x0000000084000000, 0x0000000084000000, 0x0000000084100000|  0%| F|  |TAMS 0x0000000084000000, 0x0000000084000000| Untracked 
|  35|0x0000000084100000, 0x0000000084100000, 0x0000000084200000|  0%| F|  |TAMS 0x0000000084100000, 0x0000000084100000| Untracked 
|  36|0x0000000084200000, 0x0000000084200000, 0x0000000084300000|  0%| F|  |TAMS 0x0000000084200000, 0x0000000084200000| Untracked 
|  37|0x0000000084300000, 0x0000000084300000, 0x0000000084400000|  0%| F|  |TAMS 0x0000000084300000, 0x0000000084300000| Untracked 
|  38|0x0000000084400000, 0x0000000084400000, 0x0000000084500000|  0%| F|  |TAMS 0x0000000084400000, 0x0000000084400000| Untracked 
|  39|0x0000000084500000, 0x0000000084500000, 0x0000000084600000|  0%| F|  |TAMS 0x0000000084500000, 0x0000000084500000| Untracked 
|  40|0x0000000084600000, 0x0000000084600000, 0x0000000084700000|  0%| F|  |TAMS 0x0000000084600000, 0x0000000084600000| Untracked 
|  41|0x0000000084700000, 0x0000000084700000, 0x0000000084800000|  0%| F|  |TAMS 0x0000000084700000, 0x0000000084700000| Untracked 
|  42|0x0000000084800000, 0x0000000084800000, 0x0000000084900000|  0%| F|  |TAMS 0x0000000084800000, 0x0000000084800000| Untracked 
|  43|0x0000000084900000, 0x0000000084900000, 0x0000000084a00000|  0%| F|  |TAMS 0x0000000084900000, 0x0000000084900000| Untracked 
|  44|0x0000000084a00000, 0x0000000084a00000, 0x0000000084b00000|  0%| F|  |TAMS 0x0000000084a00000, 0x0000000084a00000| Untracked 
|  45|0x0000000084b00000, 0x0000000084b00000, 0x0000000084c00000|  0%| F|  |TAMS 0x0000000084b00000, 0x0000000084b00000| Untracked 
|  46|0x0000000084c00000, 0x0000000084c00000, 0x0000000084d00000|  0%| F|  |TAMS 0x0000000084c00000, 0x0000000084c00000| Untracked 
|  47|0x0000000084d00000, 0x0000000084d00000, 0x0000000084e00000|  0%| F|  |TAMS 0x0000000084d00000, 0x0000000084d00000| Untracked 
|  48|0x0000000084e00000, 0x0000000084e00000, 0x0000000084f00000|  0%| F|  |TAMS 0x0000000084e00000, 0x0000000084e00000| Untracked 
|  49|0x0000000084f00000, 0x0000000084f00000, 0x0000000085000000|  0%| F|  |TAMS 0x0000000084f00000, 0x0000000084f00000| Untracked 
|  50|0x0000000085000000, 0x0000000085000000, 0x0000000085100000|  0%| F|  |TAMS 0x0000000085000000, 0x0000000085000000| Untracked 
|  51|0x0000000085100000, 0x0000000085100000, 0x0000000085200000|  0%| F|  |TAMS 0x0000000085100000, 0x0000000085100000| Untracked 
|  52|0x0000000085200000, 0x0000000085200000, 0x0000000085300000|  0%| F|  |TAMS 0x0000000085200000, 0x0000000085200000| Untracked 
|  53|0x0000000085300000, 0x0000000085300000, 0x0000000085400000|  0%| F|  |TAMS 0x0000000085300000, 0x0000000085300000| Untracked 
|  54|0x0000000085400000, 0x0000000085400000, 0x0000000085500000|  0%| F|  |TAMS 0x0000000085400000, 0x0000000085400000| Untracked 
|  55|0x0000000085500000, 0x0000000085500000, 0x0000000085600000|  0%| F|  |TAMS 0x0000000085500000, 0x0000000085500000| Untracked 
|  56|0x0000000085600000, 0x0000000085600000, 0x0000000085700000|  0%| F|  |TAMS 0x0000000085600000, 0x0000000085600000| Untracked 
|  57|0x0000000085700000, 0x0000000085700000, 0x0000000085800000|  0%| F|  |TAMS 0x0000000085700000, 0x0000000085700000| Untracked 
|  58|0x0000000085800000, 0x0000000085800000, 0x0000000085900000|  0%| F|  |TAMS 0x0000000085800000, 0x0000000085800000| Untracked 
|  59|0x0000000085900000, 0x0000000085900000, 0x0000000085a00000|  0%| F|  |TAMS 0x0000000085900000, 0x0000000085900000| Untracked 
|  60|0x0000000085a00000, 0x0000000085a00000, 0x0000000085b00000|  0%| F|  |TAMS 0x0000000085a00000, 0x0000000085a00000| Untracked 
|  61|0x0000000085b00000, 0x0000000085b00000, 0x0000000085c00000|  0%| F|  |TAMS 0x0000000085b00000, 0x0000000085b00000| Untracked 
|  62|0x0000000085c00000, 0x0000000085c00000, 0x0000000085d00000|  0%| F|  |TAMS 0x0000000085c00000, 0x0000000085c00000| Untracked 
|  63|0x0000000085d00000, 0x0000000085d00000, 0x0000000085e00000|  0%| F|  |TAMS 0x0000000085d00000, 0x0000000085d00000| Untracked 
|  64|0x0000000085e00000, 0x0000000085e00000, 0x0000000085f00000|  0%| F|  |TAMS 0x0000000085e00000, 0x0000000085e00000| Untracked 
|  65|0x0000000085f00000, 0x0000000085f00000, 0x0000000086000000|  0%| F|  |TAMS 0x0000000085f00000, 0x0000000085f00000| Untracked 
|  66|0x0000000086000000, 0x0000000086000000, 0x0000000086100000|  0%| F|  |TAMS 0x0000000086000000, 0x0000000086000000| Untracked 
|  67|0x0000000086100000, 0x0000000086100000, 0x0000000086200000|  0%| F|  |TAMS 0x0000000086100000, 0x0000000086100000| Untracked 
|  68|0x0000000086200000, 0x0000000086200000, 0x0000000086300000|  0%| F|  |TAMS 0x0000000086200000, 0x0000000086200000| Untracked 
|  69|0x0000000086300000, 0x0000000086300000, 0x0000000086400000|  0%| F|  |TAMS 0x0000000086300000, 0x0000000086300000| Untracked 
|  70|0x0000000086400000, 0x0000000086400000, 0x0000000086500000|  0%| F|  |TAMS 0x0000000086400000, 0x0000000086400000| Untracked 
|  71|0x0000000086500000, 0x0000000086500000, 0x0000000086600000|  0%| F|  |TAMS 0x0000000086500000, 0x0000000086500000| Untracked 
|  72|0x0000000086600000, 0x0000000086600000, 0x0000000086700000|  0%| F|  |TAMS 0x0000000086600000, 0x0000000086600000| Untracked 
|  73|0x0000000086700000, 0x0000000086700000, 0x0000000086800000|  0%| F|  |TAMS 0x0000000086700000, 0x0000000086700000| Untracked 
|  74|0x0000000086800000, 0x0000000086800000, 0x0000000086900000|  0%| F|  |TAMS 0x0000000086800000, 0x0000000086800000| Untracked 
|  75|0x0000000086900000, 0x0000000086900000, 0x0000000086a00000|  0%| F|  |TAMS 0x0000000086900000, 0x0000000086900000| Untracked 
|  76|0x0000000086a00000, 0x0000000086a00000, 0x0000000086b00000|  0%| F|  |TAMS 0x0000000086a00000, 0x0000000086a00000| Untracked 
|  77|0x0000000086b00000, 0x0000000086b00000, 0x0000000086c00000|  0%| F|  |TAMS 0x0000000086b00000, 0x0000000086b00000| Untracked 
|  78|0x0000000086c00000, 0x0000000086c00000, 0x0000000086d00000|  0%| F|  |TAMS 0x0000000086c00000, 0x0000000086c00000| Untracked 
|  79|0x0000000086d00000, 0x0000000086d00000, 0x0000000086e00000|  0%| F|  |TAMS 0x0000000086d00000, 0x0000000086d00000| Untracked 
|  80|0x0000000086e00000, 0x0000000086e00000, 0x0000000086f00000|  0%| F|  |TAMS 0x0000000086e00000, 0x0000000086e00000| Untracked 
|  81|0x0000000086f00000, 0x0000000086f00000, 0x0000000087000000|  0%| F|  |TAMS 0x0000000086f00000, 0x0000000086f00000| Untracked 
|  82|0x0000000087000000, 0x0000000087000000, 0x0000000087100000|  0%| F|  |TAMS 0x0000000087000000, 0x0000000087000000| Untracked 
|  83|0x0000000087100000, 0x0000000087100000, 0x0000000087200000|  0%| F|  |TAMS 0x0000000087100000, 0x0000000087100000| Untracked 
|  84|0x0000000087200000, 0x0000000087200000, 0x0000000087300000|  0%| F|  |TAMS 0x0000000087200000, 0x0000000087200000| Untracked 
|  85|0x0000000087300000, 0x0000000087300000, 0x0000000087400000|  0%| F|  |TAMS 0x0000000087300000, 0x0000000087300000| Untracked 
|  86|0x0000000087400000, 0x0000000087400000, 0x0000000087500000|  0%| F|  |TAMS 0x0000000087400000, 0x0000000087400000| Untracked 
|  87|0x0000000087500000, 0x0000000087500000, 0x0000000087600000|  0%| F|  |TAMS 0x0000000087500000, 0x0000000087500000| Untracked 
|  88|0x0000000087600000, 0x0000000087600000, 0x0000000087700000|  0%| F|  |TAMS 0x0000000087600000, 0x0000000087600000| Untracked 
|  89|0x0000000087700000, 0x0000000087700000, 0x0000000087800000|  0%| F|  |TAMS 0x0000000087700000, 0x0000000087700000| Untracked 
|  90|0x0000000087800000, 0x0000000087800000, 0x0000000087900000|  0%| F|  |TAMS 0x0000000087800000, 0x0000000087800000| Untracked 
|  91|0x0000000087900000, 0x0000000087900000, 0x0000000087a00000|  0%| F|  |TAMS 0x0000000087900000, 0x0000000087900000| Untracked 
|  92|0x0000000087a00000, 0x0000000087a00000, 0x0000000087b00000|  0%| F|  |TAMS 0x0000000087a00000, 0x0000000087a00000| Untracked 
|  93|0x0000000087b00000, 0x0000000087b00000, 0x0000000087c00000|  0%| F|  |TAMS 0x0000000087b00000, 0x0000000087b00000| Untracked 
|  94|0x0000000087c00000, 0x0000000087c00000, 0x0000000087d00000|  0%| F|  |TAMS 0x0000000087c00000, 0x0000000087c00000| Untracked 
|  95|0x0000000087d00000, 0x0000000087d00000, 0x0000000087e00000|  0%| F|  |TAMS 0x0000000087d00000, 0x0000000087d00000| Untracked 
|  96|0x0000000087e00000, 0x0000000087e00000, 0x0000000087f00000|  0%| F|  |TAMS 0x0000000087e00000, 0x0000000087e00000| Untracked 
|  97|0x0000000087f00000, 0x0000000087f00000, 0x0000000088000000|  0%| F|  |TAMS 0x0000000087f00000, 0x0000000087f00000| Untracked 
|  98|0x0000000088000000, 0x0000000088000000, 0x0000000088100000|  0%| F|  |TAMS 0x0000000088000000, 0x0000000088000000| Untracked 
|  99|0x0000000088100000, 0x0000000088100000, 0x0000000088200000|  0%| F|  |TAMS 0x0000000088100000, 0x0000000088100000| Untracked 
| 100|0x0000000088200000, 0x0000000088200000, 0x0000000088300000|  0%| F|  |TAMS 0x0000000088200000, 0x0000000088200000| Untracked 
| 101|0x0000000088300000, 0x0000000088300000, 0x0000000088400000|  0%| F|  |TAMS 0x0000000088300000, 0x0000000088300000| Untracked 
| 102|0x0000000088400000, 0x00000000884bffd0, 0x0000000088500000| 74%| S|CS|TAMS 0x0000000088400000, 0x0000000088400000| Complete 
| 103|0x0000000088500000, 0x0000000088600000, 0x0000000088600000|100%| S|CS|TAMS 0x0000000088500000, 0x0000000088500000| Complete 
| 104|0x0000000088600000, 0x0000000088700000, 0x0000000088700000|100%| S|CS|TAMS 0x0000000088600000, 0x0000000088600000| Complete 
| 105|0x0000000088700000, 0x0000000088700000, 0x0000000088800000|  0%| F|  |TAMS 0x0000000088700000, 0x0000000088700000| Untracked 
| 106|0x0000000088800000, 0x0000000088800000, 0x0000000088900000|  0%| F|  |TAMS 0x0000000088800000, 0x0000000088800000| Untracked 
| 107|0x0000000088900000, 0x0000000088900000, 0x0000000088a00000|  0%| F|  |TAMS 0x0000000088900000, 0x0000000088900000| Untracked 
| 108|0x0000000088a00000, 0x0000000088a00000, 0x0000000088b00000|  0%| F|  |TAMS 0x0000000088a00000, 0x0000000088a00000| Untracked 
| 109|0x0000000088b00000, 0x0000000088b00000, 0x0000000088c00000|  0%| F|  |TAMS 0x0000000088b00000, 0x0000000088b00000| Untracked 
| 110|0x0000000088c00000, 0x0000000088c00000, 0x0000000088d00000|  0%| F|  |TAMS 0x0000000088c00000, 0x0000000088c00000| Untracked 
| 111|0x0000000088d00000, 0x0000000088d00000, 0x0000000088e00000|  0%| F|  |TAMS 0x0000000088d00000, 0x0000000088d00000| Untracked 
| 112|0x0000000088e00000, 0x0000000088e00000, 0x0000000088f00000|  0%| F|  |TAMS 0x0000000088e00000, 0x0000000088e00000| Untracked 
| 113|0x0000000088f00000, 0x0000000088f00000, 0x0000000089000000|  0%| F|  |TAMS 0x0000000088f00000, 0x0000000088f00000| Untracked 
| 114|0x0000000089000000, 0x0000000089000000, 0x0000000089100000|  0%| F|  |TAMS 0x0000000089000000, 0x0000000089000000| Untracked 
| 115|0x0000000089100000, 0x0000000089100000, 0x0000000089200000|  0%| F|  |TAMS 0x0000000089100000, 0x0000000089100000| Untracked 
| 116|0x0000000089200000, 0x0000000089200000, 0x0000000089300000|  0%| F|  |TAMS 0x0000000089200000, 0x0000000089200000| Untracked 
| 117|0x0000000089300000, 0x0000000089300000, 0x0000000089400000|  0%| F|  |TAMS 0x0000000089300000, 0x0000000089300000| Untracked 
| 118|0x0000000089400000, 0x0000000089400000, 0x0000000089500000|  0%| F|  |TAMS 0x0000000089400000, 0x0000000089400000| Untracked 
| 119|0x0000000089500000, 0x0000000089500000, 0x0000000089600000|  0%| F|  |TAMS 0x0000000089500000, 0x0000000089500000| Untracked 
| 120|0x0000000089600000, 0x0000000089600000, 0x0000000089700000|  0%| F|  |TAMS 0x0000000089600000, 0x0000000089600000| Untracked 
| 121|0x0000000089700000, 0x0000000089700000, 0x0000000089800000|  0%| F|  |TAMS 0x0000000089700000, 0x0000000089700000| Untracked 
| 122|0x0000000089800000, 0x0000000089800000, 0x0000000089900000|  0%| F|  |TAMS 0x0000000089800000, 0x0000000089800000| Untracked 
| 123|0x0000000089900000, 0x0000000089a00000, 0x0000000089a00000|100%| E|  |TAMS 0x0000000089900000, 0x0000000089900000| Complete 
| 124|0x0000000089a00000, 0x0000000089b00000, 0x0000000089b00000|100%| E|CS|TAMS 0x0000000089a00000, 0x0000000089a00000| Complete 
| 125|0x0000000089b00000, 0x0000000089c00000, 0x0000000089c00000|100%| E|CS|TAMS 0x0000000089b00000, 0x0000000089b00000| Complete 
| 126|0x0000000089c00000, 0x0000000089d00000, 0x0000000089d00000|100%| E|CS|TAMS 0x0000000089c00000, 0x0000000089c00000| Complete 
| 127|0x0000000089d00000, 0x0000000089e00000, 0x0000000089e00000|100%| E|CS|TAMS 0x0000000089d00000, 0x0000000089d00000| Complete 

Card table byte_map: [0x0000019f9b990000,0x0000019f9bd90000] _byte_map_base: 0x0000019f9b581000

Marking Bits (Prev, Next): (CMBitMap*) 0x0000019f88de84a0, (CMBitMap*) 0x0000019f88de84e0
 Prev Bits: [0x0000019f9c190000, 0x0000019f9e118000)
 Next Bits: [0x0000019f9e120000, 0x0000019fa00a8000)

Polling page: 0x0000019f88560000

Metaspace:

Usage:
  Non-class:     12.52 MB used.
      Class:      1.36 MB used.
       Both:     13.89 MB used.

Virtual space:
  Non-class space:       16.00 MB reserved,      12.56 MB ( 79%) committed,  2 nodes.
      Class space:        1.00 GB reserved,       1.44 MB ( <1%) committed,  1 nodes.
             Both:        1.02 GB reserved,      14.00 MB (  1%) committed. 

Chunk freelists:
   Non-Class:  2.86 MB
       Class:  2.58 MB
        Both:  5.44 MB

MaxMetaspaceSize: unlimited
CompressedClassSpaceSize: 1.00 GB
Initial GC threshold: 21.00 MB
Current GC threshold: 21.00 MB
CDS: off
MetaspaceReclaimPolicy: balanced
 - commit_granule_bytes: 65536.
 - commit_granule_words: 8192.
 - virtual_space_node_default_size: 1048576.
 - enlarge_chunks_in_place: 1.
 - new_chunks_are_fully_committed: 0.
 - uncommit_free_chunks: 1.
 - use_allocation_guard: 0.
 - handle_deallocations: 1.


Internal statistics:

num_allocs_failed_limit: 0.
num_arena_births: 6.
num_arena_deaths: 0.
num_vsnodes_births: 3.
num_vsnodes_deaths: 0.
num_space_committed: 224.
num_space_uncommitted: 0.
num_chunks_returned_to_freelist: 0.
num_chunks_taken_from_freelist: 230.
num_chunk_merges: 0.
num_chunk_splits: 208.
num_chunks_enlarged: 202.
num_purges: 0.
num_inconsistent_stats: 0.

CodeHeap 'non-profiled nmethods': size=120000Kb used=206Kb max_used=206Kb free=119794Kb
 bounds [0x0000019f93d30000, 0x0000019f93fa0000, 0x0000019f9b260000]
CodeHeap 'profiled nmethods': size=120000Kb used=1441Kb max_used=1441Kb free=118558Kb
 bounds [0x0000019f8c260000, 0x0000019f8c4d0000, 0x0000019f93790000]
CodeHeap 'non-nmethods': size=5760Kb used=1145Kb max_used=1157Kb free=4614Kb
 bounds [0x0000019f93790000, 0x0000019f93a00000, 0x0000019f93d30000]
 total_blobs=1249 nmethods=817 adapters=345
 compilation: enabled
              stopped_count=0, restarted_count=0
 full_count=0

Compilation events (20 events):
Event: 1.141 Thread 0x0000019fa350dab0 nmethod 743 0x0000019f8c3a2c90 code [0x0000019f8c3a2e80, 0x0000019f8c3a3568]
Event: 1.143 Thread 0x0000019fa350dab0  744       3       kotlin.reflect.jvm.internal.impl.protobuf.SmallSortedMap::checkMutable (16 bytes)
Event: 1.143 Thread 0x0000019fa350dab0 nmethod 744 0x0000019f8c3a3710 code [0x0000019f8c3a38c0, 0x0000019f8c3a3ae8]
Event: 1.143 Thread 0x0000019fa350dab0  745       3       kotlin.reflect.jvm.internal.impl.protobuf.SmallSortedMap::binarySearchInArray (133 bytes)
Event: 1.144 Thread 0x0000019fa350dab0 nmethod 745 0x0000019f8c3a3c10 code [0x0000019f8c3a3e40, 0x0000019f8c3a4848]
Event: 1.144 Thread 0x0000019fa350dab0  746       3       kotlin.reflect.jvm.internal.impl.protobuf.CodedInputStream::readRawVarint64SlowPath (48 bytes)
Event: 1.144 Thread 0x0000019fa350dab0 nmethod 746 0x0000019f8c3a4b10 code [0x0000019f8c3a4cc0, 0x0000019f8c3a4f58]
Event: 1.144 Thread 0x0000019fa350dab0  747       3       java.util.Collections$UnmodifiableCollection::<init> (22 bytes)
Event: 1.145 Thread 0x0000019fa350dab0 nmethod 747 0x0000019f8c3a5090 code [0x0000019f8c3a5240, 0x0000019f8c3a5508]
Event: 1.145 Thread 0x0000019fa350dab0  748       3       java.util.Collections$UnmodifiableRandomAccessList::<init> (6 bytes)
Event: 1.145 Thread 0x0000019fa350dab0 nmethod 748 0x0000019f8c3a5610 code [0x0000019f8c3a57e0, 0x0000019f8c3a5bc8]
Event: 1.145 Thread 0x0000019fa350dab0  749       3       kotlin.reflect.jvm.internal.impl.protobuf.FieldSet::getWireFormatForFieldType (11 bytes)
Event: 1.145 Thread 0x0000019fa350dab0 nmethod 749 0x0000019f8c3a5d10 code [0x0000019f8c3a5ea0, 0x0000019f8c3a6098]
Event: 1.145 Thread 0x0000019fa350dab0  750       3       kotlin.reflect.jvm.internal.impl.metadata.ProtoBuf$ValueParameter::initFields (35 bytes)
Event: 1.146 Thread 0x0000019fa350dab0 nmethod 750 0x0000019f8c3a6190 code [0x0000019f8c3a6340, 0x0000019f8c3a65f8]
Event: 1.146 Thread 0x0000019fa350dab0  751       3       kotlin.reflect.jvm.internal.impl.metadata.ProtoBuf$ValueParameter$1::parsePartialFrom (7 bytes)
Event: 1.146 Thread 0x0000019fa350dab0 nmethod 751 0x0000019f8c3a6710 code [0x0000019f8c3a68a0, 0x0000019f8c3a69e8]
Event: 1.146 Thread 0x0000019fa350dab0  753       3       java.util.Collections::unmodifiableList (47 bytes)
Event: 1.147 Thread 0x0000019fa350dab0 nmethod 753 0x0000019f8c3a6a90 code [0x0000019f8c3a6cc0, 0x0000019f8c3a76f8]
Event: 1.147 Thread 0x0000019fa350dab0  758   !   3       kotlin.reflect.jvm.internal.impl.metadata.ProtoBuf$Type::<init> (875 bytes)

GC Heap History (2 events):
Event: 1.059 GC heap before
{Heap before GC invocations=0 (full 0):
 garbage-first heap   total 131072K, used 27648K [0x0000000081e00000, 0x0000000100000000)
  region size 1024K, 23 young (23552K), 0 survivors (0K)
 Metaspace       used 13333K, committed 13440K, reserved 1064960K
  class space    used 1289K, committed 1344K, reserved 1048576K
}
Event: 1.064 GC heap after
{Heap after GC invocations=1 (full 0):
 garbage-first heap   total 131072K, used 6911K [0x0000000081e00000, 0x0000000100000000)
  region size 1024K, 3 young (3072K), 3 survivors (3072K)
 Metaspace       used 13333K, committed 13440K, reserved 1064960K
  class space    used 1289K, committed 1344K, reserved 1048576K
}

Dll operation events (1 events):
Event: 0.014 Loaded shared library C:\Program Files\Android\Android Studio\jbr\bin\java.dll

Deoptimization events (20 events):
Event: 0.383 Thread 0x0000019f88d88cb0 DEOPT PACKING pc=0x0000019f93d35a68 sp=0x00000019342fe560
Event: 0.383 Thread 0x0000019f88d88cb0 DEOPT UNPACKING pc=0x0000019f937e69a3 sp=0x00000019342fe4d8 mode 2
Event: 0.508 Thread 0x0000019f88d88cb0 DEOPT PACKING pc=0x0000019f8c276367 sp=0x00000019342fe240
Event: 0.508 Thread 0x0000019f88d88cb0 DEOPT UNPACKING pc=0x0000019f937e7143 sp=0x00000019342fd660 mode 0
Event: 0.559 Thread 0x0000019f88d88cb0 DEOPT PACKING pc=0x0000019f8c2756d1 sp=0x00000019342fa900
Event: 0.559 Thread 0x0000019f88d88cb0 DEOPT UNPACKING pc=0x0000019f937e7143 sp=0x00000019342f9d78 mode 0
Event: 0.710 Thread 0x0000019f88d88cb0 DEOPT PACKING pc=0x0000019f8c284fd6 sp=0x00000019342f65b0
Event: 0.710 Thread 0x0000019f88d88cb0 DEOPT UNPACKING pc=0x0000019f937e7143 sp=0x00000019342f5a38 mode 0
Event: 0.937 Thread 0x0000019f88d88cb0 DEOPT PACKING pc=0x0000019f8c2ad038 sp=0x00000019342f78e0
Event: 0.937 Thread 0x0000019f88d88cb0 DEOPT UNPACKING pc=0x0000019f937e7143 sp=0x00000019342f6df8 mode 0
Event: 0.947 Thread 0x0000019f88d88cb0 DEOPT PACKING pc=0x0000019f8c2b2f65 sp=0x00000019342fc3d0
Event: 0.947 Thread 0x0000019f88d88cb0 DEOPT UNPACKING pc=0x0000019f937e7143 sp=0x00000019342fb820 mode 0
Event: 1.132 Thread 0x0000019f88d88cb0 Uncommon trap: trap_request=0xffffffc6 fr.pc=0x0000019f93d5fd78 relative=0x0000000000000478
Event: 1.132 Thread 0x0000019f88d88cb0 Uncommon trap: reason=bimorphic_or_optimized_type_check action=maybe_recompile pc=0x0000019f93d5fd78 method=kotlin.reflect.jvm.internal.impl.protobuf.CodedInputStream.tryRefillBuffer(I)Z @ 175 c2
Event: 1.132 Thread 0x0000019f88d88cb0 DEOPT PACKING pc=0x0000019f93d5fd78 sp=0x00000019342fbd90
Event: 1.132 Thread 0x0000019f88d88cb0 DEOPT UNPACKING pc=0x0000019f937e69a3 sp=0x00000019342fbc78 mode 2
Event: 1.140 Thread 0x0000019f88d88cb0 Uncommon trap: trap_request=0xffffff45 fr.pc=0x0000019f93d5c444 relative=0x00000000000001a4
Event: 1.140 Thread 0x0000019f88d88cb0 Uncommon trap: reason=unstable_if action=reinterpret pc=0x0000019f93d5c444 method=kotlin.reflect.jvm.internal.impl.protobuf.CodedInputStream.readRawVarint32()I @ 10 c2
Event: 1.140 Thread 0x0000019f88d88cb0 DEOPT PACKING pc=0x0000019f93d5c444 sp=0x00000019342fbab0
Event: 1.140 Thread 0x0000019f88d88cb0 DEOPT UNPACKING pc=0x0000019f937e69a3 sp=0x00000019342fba30 mode 2

Classes unloaded (0 events):
No events

Classes redefined (0 events):
No events

Internal exceptions (0 events):
No events

VM Operations (6 events):
Event: 0.311 Executing VM operation: HandshakeAllThreads
Event: 0.311 Executing VM operation: HandshakeAllThreads done
Event: 0.778 Executing VM operation: HandshakeAllThreads
Event: 0.778 Executing VM operation: HandshakeAllThreads done
Event: 1.059 Executing VM operation: G1CollectForAllocation
Event: 1.064 Executing VM operation: G1CollectForAllocation done

Events (20 events):
Event: 1.070 loading class jdk/internal/reflect/UnsafeQualifiedStaticFieldAccessorImpl done
Event: 1.070 loading class jdk/internal/reflect/UnsafeQualifiedStaticObjectFieldAccessorImpl done
Event: 1.109 loading class sun/reflect/generics/repository/ClassRepository
Event: 1.110 loading class sun/reflect/generics/repository/GenericDeclRepository
Event: 1.110 loading class sun/reflect/generics/repository/AbstractRepository
Event: 1.110 loading class sun/reflect/generics/repository/AbstractRepository done
Event: 1.110 loading class sun/reflect/generics/repository/GenericDeclRepository done
Event: 1.110 loading class sun/reflect/generics/repository/ClassRepository done
Event: 1.110 loading class sun/reflect/generics/tree/FormalTypeParameter
Event: 1.110 loading class sun/reflect/generics/tree/FormalTypeParameter done
Event: 1.110 loading class sun/reflect/generics/tree/ClassSignature
Event: 1.110 loading class sun/reflect/generics/tree/Signature
Event: 1.110 loading class sun/reflect/generics/tree/Signature done
Event: 1.110 loading class sun/reflect/generics/tree/ClassSignature done
Event: 1.110 loading class java/lang/reflect/TypeVariable
Event: 1.110 loading class java/lang/reflect/TypeVariable done
Event: 1.112 loading class java/lang/reflect/AnnotatedType
Event: 1.112 loading class java/lang/reflect/AnnotatedType done
Event: 1.125 loading class java/io/DataInputStream
Event: 1.125 loading class java/io/DataInputStream done


Dynamic libraries:
0x00007ff67d960000 - 0x00007ff67d96a000 	C:\Program Files\Android\Android Studio\jbr\bin\java.exe
0x00007ffc73c70000 - 0x00007ffc73e68000 	C:\WINDOWS\SYSTEM32\ntdll.dll
0x00007ffc72ac0000 - 0x00007ffc72b7f000 	C:\WINDOWS\System32\KERNEL32.DLL
0x00007ffc716e0000 - 0x00007ffc719d6000 	C:\WINDOWS\System32\KERNELBASE.dll
0x00007ffc71520000 - 0x00007ffc71620000 	C:\WINDOWS\System32\ucrtbase.dll
0x00007ffc699b0000 - 0x00007ffc699c7000 	C:\Program Files\Android\Android Studio\jbr\bin\jli.dll
0x00007ffc62de0000 - 0x00007ffc62dfb000 	C:\Program Files\Android\Android Studio\jbr\bin\VCRUNTIME140.dll
0x00007ffc73960000 - 0x00007ffc73afd000 	C:\WINDOWS\System32\USER32.dll
0x00007ffc71350000 - 0x00007ffc71372000 	C:\WINDOWS\System32\win32u.dll
0x00007ffc73c00000 - 0x00007ffc73c2c000 	C:\WINDOWS\System32\GDI32.dll
0x00007ffc71a50000 - 0x00007ffc71b65000 	C:\WINDOWS\System32\gdi32full.dll
0x00007ffc5d270000 - 0x00007ffc5d50a000 	C:\WINDOWS\WinSxS\amd64_microsoft.windows.common-controls_6595b64144ccf1df_6.0.19041.1110_none_60b5254171f9507e\COMCTL32.dll
0x00007ffc71430000 - 0x00007ffc714cd000 	C:\WINDOWS\System32\msvcp_win.dll
0x00007ffc72e60000 - 0x00007ffc72efe000 	C:\WINDOWS\System32\msvcrt.dll
0x00007ffc724d0000 - 0x00007ffc72500000 	C:\WINDOWS\System32\IMM32.DLL
0x00007ffc6ead0000 - 0x00007ffc6eadc000 	C:\Program Files\Android\Android Studio\jbr\bin\vcruntime140_1.dll
0x00007ffc46470000 - 0x00007ffc464fd000 	C:\Program Files\Android\Android Studio\jbr\bin\msvcp140.dll
0x00007ffc2c730000 - 0x00007ffc2d39d000 	C:\Program Files\Android\Android Studio\jbr\bin\server\jvm.dll
0x00007ffc72c90000 - 0x00007ffc72d3f000 	C:\WINDOWS\System32\ADVAPI32.dll
0x00007ffc73b00000 - 0x00007ffc73b9c000 	C:\WINDOWS\System32\sechost.dll
0x00007ffc733c0000 - 0x00007ffc734e6000 	C:\WINDOWS\System32\RPCRT4.dll
0x00007ffc6ca50000 - 0x00007ffc6ca59000 	C:\WINDOWS\SYSTEM32\WSOCK32.dll
0x00007ffc73270000 - 0x00007ffc732db000 	C:\WINDOWS\System32\WS2_32.dll
0x00007ffc5d140000 - 0x00007ffc5d167000 	C:\WINDOWS\SYSTEM32\WINMM.dll
0x00007ffc69400000 - 0x00007ffc6940a000 	C:\WINDOWS\SYSTEM32\VERSION.dll
0x00007ffc6f1b0000 - 0x00007ffc6f1c2000 	C:\WINDOWS\SYSTEM32\kernel.appcore.dll
0x00007ffc69760000 - 0x00007ffc6976a000 	C:\Program Files\Android\Android Studio\jbr\bin\jimage.dll
0x00007ffc68470000 - 0x00007ffc68654000 	C:\WINDOWS\SYSTEM32\DBGHELP.DLL
0x00007ffc64c20000 - 0x00007ffc64c54000 	C:\WINDOWS\SYSTEM32\dbgcore.DLL
0x00007ffc71620000 - 0x00007ffc716a2000 	C:\WINDOWS\System32\bcryptPrimitives.dll
0x00007ffc62db0000 - 0x00007ffc62dd5000 	C:\Program Files\Android\Android Studio\jbr\bin\java.dll
0x00007ffc628b0000 - 0x00007ffc628c8000 	C:\Program Files\Android\Android Studio\jbr\bin\zip.dll
0x00007ffc71d80000 - 0x00007ffc724c4000 	C:\WINDOWS\System32\SHELL32.dll
0x00007ffc6f3b0000 - 0x00007ffc6fb43000 	C:\WINDOWS\SYSTEM32\windows.storage.dll
0x00007ffc72f00000 - 0x00007ffc73254000 	C:\WINDOWS\System32\combase.dll
0x00007ffc70be0000 - 0x00007ffc70c0e000 	C:\WINDOWS\SYSTEM32\Wldp.dll
0x00007ffc72be0000 - 0x00007ffc72c8d000 	C:\WINDOWS\System32\SHCORE.dll
0x00007ffc72b80000 - 0x00007ffc72bd5000 	C:\WINDOWS\System32\shlwapi.dll
0x00007ffc71280000 - 0x00007ffc712a5000 	C:\WINDOWS\SYSTEM32\profapi.dll
0x00007ffc626c0000 - 0x00007ffc626d9000 	C:\Program Files\Android\Android Studio\jbr\bin\net.dll
0x00007ffc6a960000 - 0x00007ffc6aa6a000 	C:\WINDOWS\SYSTEM32\WINHTTP.dll
0x00007ffc709c0000 - 0x00007ffc70a2a000 	C:\WINDOWS\system32\mswsock.dll
0x00007ffc626a0000 - 0x00007ffc626b6000 	C:\Program Files\Android\Android Studio\jbr\bin\nio.dll

dbghelp: loaded successfully - version: 4.0.5 - missing functions: none
symbol engine: initialized successfully - sym options: 0x614 - pdb path: .;C:\Program Files\Android\Android Studio\jbr\bin;C:\WINDOWS\SYSTEM32;C:\WINDOWS\WinSxS\amd64_microsoft.windows.common-controls_6595b64144ccf1df_6.0.19041.1110_none_60b5254171f9507e;C:\Program Files\Android\Android Studio\jbr\bin\server

VM Arguments:
java_command: org.jetbrains.kotlin.cli.jvm.K2JVMCompiler @C:\Users\DaViD\AndroidStudioProjects\MyWeatherApp\app\build\20230826_14871580761927043213.compiler.options
java_class_path (initial): C:\Users\DaViD\.gradle\caches\modules-2\files-2.1\org.jetbrains.kotlin\kotlin-compiler-embeddable\1.9.0\2c8c3a7402becca891f12739b3e9fd2dc2adbd7a\kotlin-compiler-embeddable-1.9.0.jar;C:\Users\DaViD\.gradle\caches\modules-2\files-2.1\org.jetbrains.kotlin\kotlin-stdlib\1.9.0\8ee15ef0c67dc83d874f412d84378d7f0eb50b63\kotlin-stdlib-1.9.0.jar;C:\Users\DaViD\.gradle\caches\modules-2\files-2.1\org.jetbrains.kotlin\kotlin-script-runtime\1.9.0\4b3102cbbb7e1b58d9d1adf89563f00069ffa7d1\kotlin-script-runtime-1.9.0.jar;C:\Users\DaViD\.gradle\caches\modules-2\files-2.1\org.jetbrains.kotlin\kotlin-reflect\1.6.10\1cbe9c92c12a94eea200d23c2bbaedaf3daf5132\kotlin-reflect-1.6.10.jar;C:\Users\DaViD\.gradle\caches\modules-2\files-2.1\org.jetbrains.kotlin\kotlin-daemon-embeddable\1.9.0\186543f5e28cf8d9a0290fecc2cf34301c40a65c\kotlin-daemon-embeddable-1.9.0.jar;C:\Users\DaViD\.gradle\caches\modules-2\files-2.1\org.jetbrains.intellij.deps\trove4j\1.0.20200330\3afb14d5f9ceb459d724e907a21145e8ff394f02\trove4j-1.0.20200330.jar;C:\Users\DaViD\.gradle\caches\modules-2\files-2.1\org.jetbrains.kotlin\kotlin-stdlib-common\1.9.0\cd65c21cfd1eec4d44ef09f9f52b6d9f8a720636\kotlin-stdlib-common-1.9.0.jar;C:\Users\DaViD\.gradle\caches\modules-2\files-2.1\org.jetbrains\annotations\13.0\919f0dfe192fb4e063e7dacadee7f8bb9a2672a9\annotations-13.0.jar
Launcher Type: SUN_STANDARD

[Global flags]
     intx CICompilerCount                          = 4                                         {product} {ergonomic}
     uint ConcGCThreads                            = 2                                         {product} {ergonomic}
     uint G1ConcRefinementThreads                  = 8                                         {product} {ergonomic}
   size_t G1HeapRegionSize                         = 1048576                                   {product} {ergonomic}
    uintx GCDrainStackTargetSize                   = 64                                        {product} {ergonomic}
   size_t InitialHeapSize                          = 134217728                                 {product} {ergonomic}
   size_t MarkStackSize                            = 4194304                                   {product} {ergonomic}
   size_t MaxHeapSize                              = 2116026368                                {product} {ergonomic}
   size_t MaxNewSize                               = 1268776960                                {product} {ergonomic}
   size_t MinHeapDeltaBytes                        = 1048576                                   {product} {ergonomic}
   size_t MinHeapSize                              = 8388608                                   {product} {ergonomic}
    uintx NonNMethodCodeHeapSize                   = 5839372                                {pd product} {ergonomic}
    uintx NonProfiledCodeHeapSize                  = 122909434                              {pd product} {ergonomic}
    uintx ProfiledCodeHeapSize                     = 122909434                              {pd product} {ergonomic}
    uintx ReservedCodeCacheSize                    = 251658240                              {pd product} {ergonomic}
     bool SegmentedCodeCache                       = true                                      {product} {ergonomic}
   size_t SoftMaxHeapSize                          = 2116026368                             {manageable} {ergonomic}
     bool UseCompressedClassPointers               = true                           {product lp64_product} {ergonomic}
     bool UseCompressedOops                        = true                           {product lp64_product} {ergonomic}
     bool UseG1GC                                  = true                                      {product} {ergonomic}
     bool UseLargePagesIndividualAllocation        = false                                  {pd product} {ergonomic}

Logging:
Log output configuration:
 #0: stdout all=warning uptime,level,tags
 #1: stderr all=off uptime,level,tags

Environment Variables:
JAVA_HOME=C:\PROGRA~1\Java\JDK-13~1.2
PATH=C:\Python39\Scripts\;C:\Python39\;C:\Program Files\Java\jdk-13.0.2\bin;C:\Program Files (x86)\Bitvise SSH Client;C:\ProgramData\chocolatey\bin;C:\Program Files\dotnet\;C:\Program Files\Git\cmd;C:\Program Files\nodejs\;C:\Program Files (x86)\AMD\ATI.ACE\Core-Static;C:\Users\DaViD\.poetry\bin;C:\Users\DaViD\AppData\Local\Programs\Python\Python310\Scripts\;C:\Users\DaViD\AppData\Local\Programs\Python\Python310\;C:\Windows\System32;C:\Users\DaViD\AppData\Local\Programs\Microsoft VS Code\bin;C:\Users\DaViD\.dotnet\tools;C:\Python39;C:\opencv\build\x64\vc15\bin;;c:\users\david\appdata\roaming\python\python310\scripts;c:\users\david\.local\bin;C:\Users\DaViD\AppData\Roaming\npm;C:\Program Files\JetBrains\CLion 2023.1.3\bin;
USERNAME=DaViD
OS=Windows_NT
PROCESSOR_IDENTIFIER=Intel64 Family 6 Model 58 Stepping 9, GenuineIntel
TMP=C:\Users\DaViD\AppData\Local\Temp
TEMP=C:\Users\DaViD\AppData\Local\Temp



---------------  S Y S T E M  ---------------

OS:
 Windows 10 , 64 bit Build 19041 (10.0.19041.3155)
OS uptime: 2 days 21:06 hours
Hyper-V role detected

CPU: total 8 (initial active 8) (4 cores per cpu, 2 threads per core) family 6 model 58 stepping 9 microcode 0x21, cx8, cmov, fxsr, ht, mmx, sse, sse2, sse3, ssse3, sse4.1, sse4.2, popcnt, tsc, tscinvbit, avx, aes, erms, clmul, vzeroupper, clflush, hv

Memory: 4k page, system-wide physical 8067M (388M free)
TotalPageFile size 12675M (AvailPageFile size 4M)
current process WorkingSet (physical memory assigned to process): 82M, peak: 82M
current process commit charge ("private bytes"): 223M, peak: 223M

vm_info: OpenJDK 64-Bit Server VM (17.0.6+0-b2043.56-9586694) for windows-amd64 JRE (17.0.6+0-b2043.56-9586694), built on Feb  9 2023 20:06:20 by "androidbuild" with MS VC++ 16.10 / 16.11 (VS2019)

END.
