#
# There is insufficient memory for the Java Runtime Environment to continue.
# Native memory allocation (mmap) failed to map 284164096 bytes for G1 virtual space
# Possible reasons:
#   The system is out of physical RAM or swap space
#   The process is running with CompressedOops enabled, and the Java Heap may be blocking the growth of the native heap
# Possible solutions:
#   Reduce memory load on the system
#   Increase physical memory or swap space
#   Check if swap backing store is full
#   Decrease Java heap size (-Xmx/-Xms)
#   Decrease number of Java threads
#   Decrease Java thread stack sizes (-Xss)
#   Set larger code cache with -XX:ReservedCodeCacheSize=
#   JVM is running with Unscaled Compressed Oops mode in which the Java heap is
#     placed in the first 4GB address space. The Java Heap base address is the
#     maximum limit for the native heap growth. Please use -XX:HeapBaseMinAddress
#     to set the Java Heap base and to place the Java Heap above 4GB virtual address.
# This output file may be truncated or incomplete.
#
#  Out of Memory Error (os_windows.cpp:3769), pid=11524, tid=12000
#
# JRE version: OpenJDK Runtime Environment (17.0.6) (build 17.0.6+0-b2043.56-9586694)
# Java VM: OpenJDK 64-Bit Server VM (17.0.6+0-b2043.56-9586694, mixed mode, tiered, compressed oops, compressed class ptrs, g1 gc, windows-amd64)
# No core dump will be written. Minidumps are not enabled by default on client versions of Windows
#

---------------  S U M M A R Y ------------

Command Line: org.jetbrains.kotlin.cli.jvm.K2JVMCompiler @C:\Users\DaViD\AndroidStudioProjects\MyWeatherApp\app\build\20230813_18325125179830535102.compiler.options

Host: Intel(R) Core(TM) i7-3612QM CPU @ 2.10GHz, 8 cores, 7G,  Windows 10 , 64 bit Build 19041 (10.0.19041.3155)
Time: Sun Aug 13 13:16:30 2023  Windows 10 , 64 bit Build 19041 (10.0.19041.3155) elapsed time: 21.225580 seconds (0d 0h 0m 21s)

---------------  T H R E A D  ---------------

Current thread (0x000001f173ee8500):  VMThread "VM Thread" [stack: 0x00000004a4100000,0x00000004a4200000] [id=12000]

Stack: [0x00000004a4100000,0x00000004a4200000]
Native frames: (J=compiled Java code, j=interpreted, Vv=VM code, C=native code)
V  [jvm.dll+0x683b4a]
V  [jvm.dll+0x842654]
V  [jvm.dll+0x843dfe]
V  [jvm.dll+0x844463]
V  [jvm.dll+0x249b75]
V  [jvm.dll+0x680a19]
V  [jvm.dll+0x674f0a]
V  [jvm.dll+0x309acb]
V  [jvm.dll+0x310f86]
V  [jvm.dll+0x3608ee]
V  [jvm.dll+0x360b1f]
V  [jvm.dll+0x2dfbf8]
V  [jvm.dll+0x2ddec4]
V  [jvm.dll+0x2dd4cc]
V  [jvm.dll+0x321f3b]
V  [jvm.dll+0x84893b]
V  [jvm.dll+0x849674]
V  [jvm.dll+0x849b8d]
V  [jvm.dll+0x849f64]
V  [jvm.dll+0x84a030]
V  [jvm.dll+0x7f25fa]
V  [jvm.dll+0x682985]
C  [ucrtbase.dll+0x21bb2]
C  [KERNEL32.DLL+0x17614]
C  [ntdll.dll+0x526b1]

VM_Operation (0x00000004a3bf5820): G1CollectForAllocation, mode: safepoint, requested by thread 0x000001f15a187db0


---------------  P R O C E S S  ---------------

Threads class SMR info:
_java_thread_list=0x000001f17e0ea8c0, length=14, elements={
0x000001f15a187db0, 0x000001f174813620, 0x000001f173f03b00, 0x000001f173f1c5f0,
0x000001f173f1d1a0, 0x000001f173f20060, 0x000001f173f20a10, 0x000001f174839c40,
0x000001f17483a540, 0x000001f17483cf40, 0x000001f173e85a30, 0x000001f1749b6d30,
0x000001f1753baff0, 0x000001f17e0079a0
}

Java Threads: ( => current thread )
  0x000001f15a187db0 JavaThread "main" [_thread_blocked, id=3148, stack(0x00000004a3b00000,0x00000004a3c00000)]
  0x000001f174813620 JavaThread "Reference Handler" daemon [_thread_blocked, id=14492, stack(0x00000004a4200000,0x00000004a4300000)]
  0x000001f173f03b00 JavaThread "Finalizer" daemon [_thread_blocked, id=14484, stack(0x00000004a4300000,0x00000004a4400000)]
  0x000001f173f1c5f0 JavaThread "Signal Dispatcher" daemon [_thread_blocked, id=15024, stack(0x00000004a4400000,0x00000004a4500000)]
  0x000001f173f1d1a0 JavaThread "Attach Listener" daemon [_thread_blocked, id=14812, stack(0x00000004a4500000,0x00000004a4600000)]
  0x000001f173f20060 JavaThread "Service Thread" daemon [_thread_blocked, id=10636, stack(0x00000004a4600000,0x00000004a4700000)]
  0x000001f173f20a10 JavaThread "Monitor Deflation Thread" daemon [_thread_blocked, id=12416, stack(0x00000004a4700000,0x00000004a4800000)]
  0x000001f174839c40 JavaThread "C2 CompilerThread0" daemon [_thread_in_native, id=4444, stack(0x00000004a4800000,0x00000004a4900000)]
  0x000001f17483a540 JavaThread "C1 CompilerThread0" daemon [_thread_blocked, id=7752, stack(0x00000004a4900000,0x00000004a4a00000)]
  0x000001f17483cf40 JavaThread "Sweeper thread" daemon [_thread_blocked, id=14356, stack(0x00000004a4a00000,0x00000004a4b00000)]
  0x000001f173e85a30 JavaThread "Notification Thread" daemon [_thread_blocked, id=4628, stack(0x00000004a4b00000,0x00000004a4c00000)]
  0x000001f1749b6d30 JavaThread "Common-Cleaner" daemon [_thread_blocked, id=8908, stack(0x00000004a4d00000,0x00000004a4e00000)]
  0x000001f1753baff0 JavaThread "C2 CompilerThread1" daemon [_thread_blocked, id=14396, stack(0x00000004a5200000,0x00000004a5300000)]
  0x000001f17e0079a0 JavaThread "C2 CompilerThread2" daemon [_thread_in_native, id=12524, stack(0x00000004a5700000,0x00000004a5800000)]

Other Threads:
=>0x000001f173ee8500 VMThread "VM Thread" [stack: 0x00000004a4100000,0x00000004a4200000] [id=12000]
  0x000001f1749a5a30 WatcherThread [stack: 0x00000004a4c00000,0x00000004a4d00000] [id=5340]
  0x000001f15a1e6c70 GCTaskThread "GC Thread#0" [stack: 0x00000004a3c00000,0x00000004a3d00000] [id=11380]
  0x000001f175053470 GCTaskThread "GC Thread#1" [stack: 0x00000004a4e00000,0x00000004a4f00000] [id=10972]
  0x000001f175062e40 GCTaskThread "GC Thread#2" [stack: 0x00000004a4f00000,0x00000004a5000000] [id=14660]
  0x000001f175071280 GCTaskThread "GC Thread#3" [stack: 0x00000004a5000000,0x00000004a5100000] [id=12104]
  0x000001f1750921b0 GCTaskThread "GC Thread#4" [stack: 0x00000004a5100000,0x00000004a5200000] [id=6384]
  0x000001f17617e410 GCTaskThread "GC Thread#5" [stack: 0x00000004a5300000,0x00000004a5400000] [id=4104]
  0x000001f176289310 GCTaskThread "GC Thread#6" [stack: 0x00000004a5400000,0x00000004a5500000] [id=8112]
  0x000001f17640f2c0 GCTaskThread "GC Thread#7" [stack: 0x00000004a5500000,0x00000004a5600000] [id=14628]
  0x000001f15a1f77f0 ConcurrentGCThread "G1 Main Marker" [stack: 0x00000004a3d00000,0x00000004a3e00000] [id=14420]
  0x000001f15a1f8200 ConcurrentGCThread "G1 Conc#0" [stack: 0x00000004a3e00000,0x00000004a3f00000] [id=14892]
  0x000001f176327780 ConcurrentGCThread "G1 Conc#1" [stack: 0x00000004a5600000,0x00000004a5700000] [id=6472]
  0x000001f15a25eb60 ConcurrentGCThread "G1 Refine#0" [stack: 0x00000004a3f00000,0x00000004a4000000] [id=5476]
  0x000001f17ae74ee0 ConcurrentGCThread "G1 Refine#1" [stack: 0x00000004a5800000,0x00000004a5900000] [id=14876]
  0x000001f173d52700 ConcurrentGCThread "G1 Service" [stack: 0x00000004a4000000,0x00000004a4100000] [id=6664]

Threads with active compile tasks:
C2 CompilerThread0    21256 10841       4       org.jetbrains.kotlin.metadata.ProtoBuf$Property::writeTo (432 bytes)
C2 CompilerThread1    21256 10848   !   4       org.jetbrains.kotlin.metadata.jvm.JvmProtoBuf$StringTableTypes::<init> (495 bytes)
C2 CompilerThread2    21256 10846       4       org.jetbrains.kotlin.metadata.jvm.JvmProtoBuf$JvmPropertySignature::writeTo (113 bytes)

VM state: at safepoint (normal execution)

VM Mutex/Monitor currently owned by a thread:  ([mutex/lock_event])
[0x000001f15a184bc0] Threads_lock - owner thread: 0x000001f173ee8500
[0x000001f15a1838a0] Heap_lock - owner thread: 0x000001f15a187db0

Heap address: 0x0000000081e00000, size: 2018 MB, Compressed Oops mode: 32-bit

CDS archive(s) not mapped
Compressed class space mapped at: 0x0000000100000000-0x0000000140000000, reserved size: 1073741824
Narrow klass base: 0x0000000000000000, Narrow klass shift: 3, Narrow klass range: 0x140000000

GC Precious Log:
 CPUs: 8 total, 8 available
 Memory: 8067M
 Large Page Support: Disabled
 NUMA Support: Disabled
 Compressed Oops: Enabled (32-bit)
 Heap Region Size: 1M
 Heap Min Capacity: 8M
 Heap Initial Capacity: 128M
 Heap Max Capacity: 2018M
 Pre-touch: Disabled
 Parallel Workers: 8
 Concurrent Workers: 2
 Concurrent Refinement Workers: 8
 Periodic GC: Disabled

Heap:
 garbage-first heap   total 167936K, used 94048K [0x0000000081e00000, 0x0000000100000000)
  region size 1024K, 5 young (5120K), 5 survivors (5120K)
 Metaspace       used 66558K, committed 66880K, reserved 1114112K
  class space    used 7640K, committed 7808K, reserved 1048576K

Heap Regions: E=young(eden), S=young(survivor), O=old, HS=humongous(starts), HC=humongous(continues), CS=collection set, F=free, OA=open archive, CA=closed archive, TAMS=top-at-mark-start (previous, next)
|   0|0x0000000081e00000, 0x0000000081f00000, 0x0000000081f00000|100%|HS|  |TAMS 0x0000000081f00000, 0x0000000081e00000| Complete 
|   1|0x0000000081f00000, 0x0000000082000000, 0x0000000082000000|100%|HC|  |TAMS 0x0000000082000000, 0x0000000081f00000| Complete 
|   2|0x0000000082000000, 0x0000000082100000, 0x0000000082100000|100%|HC|  |TAMS 0x0000000082100000, 0x0000000082000000| Complete 
|   3|0x0000000082100000, 0x0000000082200000, 0x0000000082200000|100%|HC|  |TAMS 0x0000000082200000, 0x0000000082100000| Complete 
|   4|0x0000000082200000, 0x0000000082300000, 0x0000000082300000|100%| O|  |TAMS 0x0000000082300000, 0x0000000082200000| Untracked 
|   5|0x0000000082300000, 0x0000000082400000, 0x0000000082400000|100%| O|  |TAMS 0x0000000082400000, 0x0000000082300000| Untracked 
|   6|0x0000000082400000, 0x0000000082500000, 0x0000000082500000|100%| O|  |TAMS 0x0000000082500000, 0x0000000082400000| Untracked 
|   7|0x0000000082500000, 0x0000000082600000, 0x0000000082600000|100%| O|  |TAMS 0x0000000082600000, 0x0000000082500000| Untracked 
|   8|0x0000000082600000, 0x0000000082700000, 0x0000000082700000|100%|HS|  |TAMS 0x0000000082700000, 0x0000000082600000| Complete 
|   9|0x0000000082700000, 0x0000000082800000, 0x0000000082800000|100%|HC|  |TAMS 0x0000000082800000, 0x0000000082700000| Complete 
|  10|0x0000000082800000, 0x0000000082900000, 0x0000000082900000|100%|HC|  |TAMS 0x0000000082900000, 0x0000000082800000| Complete 
|  11|0x0000000082900000, 0x0000000082a00000, 0x0000000082a00000|100%|HC|  |TAMS 0x0000000082a00000, 0x0000000082900000| Complete 
|  12|0x0000000082a00000, 0x0000000082b00000, 0x0000000082b00000|100%| O|  |TAMS 0x0000000082b00000, 0x0000000082a00000| Untracked 
|  13|0x0000000082b00000, 0x0000000082c00000, 0x0000000082c00000|100%| O|  |TAMS 0x0000000082c00000, 0x0000000082b00000| Untracked 
|  14|0x0000000082c00000, 0x0000000082d00000, 0x0000000082d00000|100%| O|  |TAMS 0x0000000082d00000, 0x0000000082c00000| Untracked 
|  15|0x0000000082d00000, 0x0000000082e00000, 0x0000000082e00000|100%| O|  |TAMS 0x0000000082e00000, 0x0000000082d00000| Untracked 
|  16|0x0000000082e00000, 0x0000000082f00000, 0x0000000082f00000|100%| O|  |TAMS 0x0000000082f00000, 0x0000000082e00000| Untracked 
|  17|0x0000000082f00000, 0x0000000083000000, 0x0000000083000000|100%| O|  |TAMS 0x0000000083000000, 0x0000000082f00000| Untracked 
|  18|0x0000000083000000, 0x0000000083100000, 0x0000000083100000|100%| O|  |TAMS 0x0000000083100000, 0x0000000083000000| Untracked 
|  19|0x0000000083100000, 0x0000000083200000, 0x0000000083200000|100%| O|  |TAMS 0x0000000083200000, 0x0000000083100000| Untracked 
|  20|0x0000000083200000, 0x0000000083300000, 0x0000000083300000|100%| O|  |TAMS 0x0000000083300000, 0x0000000083200000| Untracked 
|  21|0x0000000083300000, 0x0000000083400000, 0x0000000083400000|100%| O|  |TAMS 0x0000000083400000, 0x0000000083300000| Untracked 
|  22|0x0000000083400000, 0x0000000083500000, 0x0000000083500000|100%| O|  |TAMS 0x0000000083500000, 0x0000000083400000| Untracked 
|  23|0x0000000083500000, 0x0000000083600000, 0x0000000083600000|100%| O|  |TAMS 0x0000000083600000, 0x0000000083500000| Untracked 
|  24|0x0000000083600000, 0x0000000083700000, 0x0000000083700000|100%| O|  |TAMS 0x0000000083700000, 0x0000000083600000| Untracked 
|  25|0x0000000083700000, 0x0000000083800000, 0x0000000083800000|100%| O|  |TAMS 0x0000000083800000, 0x0000000083700000| Untracked 
|  26|0x0000000083800000, 0x0000000083900000, 0x0000000083900000|100%| O|  |TAMS 0x0000000083900000, 0x0000000083800000| Untracked 
|  27|0x0000000083900000, 0x0000000083a00000, 0x0000000083a00000|100%| O|  |TAMS 0x0000000083a00000, 0x0000000083900000| Untracked 
|  28|0x0000000083a00000, 0x0000000083b00000, 0x0000000083b00000|100%| O|  |TAMS 0x0000000083b00000, 0x0000000083a00000| Untracked 
|  29|0x0000000083b00000, 0x0000000083c00000, 0x0000000083c00000|100%| O|  |TAMS 0x0000000083c00000, 0x0000000083b00000| Untracked 
|  30|0x0000000083c00000, 0x0000000083d00000, 0x0000000083d00000|100%| O|  |TAMS 0x0000000083c00000, 0x0000000083c00000| Untracked 
|  31|0x0000000083d00000, 0x0000000083e00000, 0x0000000083e00000|100%|HS|  |TAMS 0x0000000083e00000, 0x0000000083d00000| Complete 
|  32|0x0000000083e00000, 0x0000000083f00000, 0x0000000083f00000|100%|HC|  |TAMS 0x0000000083f00000, 0x0000000083e00000| Complete 
|  33|0x0000000083f00000, 0x0000000084000000, 0x0000000084000000|100%| O|  |TAMS 0x0000000084000000, 0x0000000083f00000| Untracked 
|  34|0x0000000084000000, 0x0000000084100000, 0x0000000084100000|100%| O|  |TAMS 0x0000000084100000, 0x0000000084000000| Untracked 
|  35|0x0000000084100000, 0x0000000084200000, 0x0000000084200000|100%| O|  |TAMS 0x0000000084200000, 0x0000000084100000| Untracked 
|  36|0x0000000084200000, 0x0000000084300000, 0x0000000084300000|100%| O|  |TAMS 0x0000000084300000, 0x0000000084200000| Untracked 
|  37|0x0000000084300000, 0x0000000084400000, 0x0000000084400000|100%| O|  |TAMS 0x0000000084400000, 0x0000000084300000| Untracked 
|  38|0x0000000084400000, 0x0000000084500000, 0x0000000084500000|100%| O|  |TAMS 0x0000000084500000, 0x0000000084400000| Untracked 
|  39|0x0000000084500000, 0x0000000084600000, 0x0000000084600000|100%| O|  |TAMS 0x0000000084600000, 0x0000000084500000| Untracked 
|  40|0x0000000084600000, 0x0000000084700000, 0x0000000084700000|100%| O|  |TAMS 0x0000000084700000, 0x0000000084600000| Untracked 
|  41|0x0000000084700000, 0x0000000084800000, 0x0000000084800000|100%| O|  |TAMS 0x0000000084800000, 0x0000000084700000| Untracked 
|  42|0x0000000084800000, 0x0000000084900000, 0x0000000084900000|100%| O|  |TAMS 0x0000000084900000, 0x0000000084800000| Untracked 
|  43|0x0000000084900000, 0x0000000084a00000, 0x0000000084a00000|100%| O|  |TAMS 0x0000000084a00000, 0x0000000084900000| Untracked 
|  44|0x0000000084a00000, 0x0000000084b00000, 0x0000000084b00000|100%| O|  |TAMS 0x0000000084b00000, 0x0000000084a00000| Untracked 
|  45|0x0000000084b00000, 0x0000000084c00000, 0x0000000084c00000|100%| O|  |TAMS 0x0000000084c00000, 0x0000000084b00000| Untracked 
|  46|0x0000000084c00000, 0x0000000084d00000, 0x0000000084d00000|100%| O|  |TAMS 0x0000000084d00000, 0x0000000084c00000| Untracked 
|  47|0x0000000084d00000, 0x0000000084e00000, 0x0000000084e00000|100%| O|  |TAMS 0x0000000084e00000, 0x0000000084d00000| Untracked 
|  48|0x0000000084e00000, 0x0000000084f00000, 0x0000000084f00000|100%| O|  |TAMS 0x0000000084f00000, 0x0000000084e00000| Untracked 
|  49|0x0000000084f00000, 0x0000000085000000, 0x0000000085000000|100%| O|  |TAMS 0x0000000085000000, 0x0000000084f00000| Untracked 
|  50|0x0000000085000000, 0x0000000085100000, 0x0000000085100000|100%| O|  |TAMS 0x0000000085100000, 0x0000000085000000| Untracked 
|  51|0x0000000085100000, 0x0000000085200000, 0x0000000085200000|100%| O|  |TAMS 0x0000000085200000, 0x0000000085100000| Untracked 
|  52|0x0000000085200000, 0x0000000085300000, 0x0000000085300000|100%| O|  |TAMS 0x0000000085300000, 0x0000000085200000| Untracked 
|  53|0x0000000085300000, 0x0000000085400000, 0x0000000085400000|100%| O|  |TAMS 0x0000000085400000, 0x0000000085300000| Untracked 
|  54|0x0000000085400000, 0x0000000085500000, 0x0000000085500000|100%| O|  |TAMS 0x0000000085500000, 0x0000000085400000| Untracked 
|  55|0x0000000085500000, 0x0000000085600000, 0x0000000085600000|100%| O|  |TAMS 0x0000000085600000, 0x0000000085500000| Untracked 
|  56|0x0000000085600000, 0x0000000085700000, 0x0000000085700000|100%| O|  |TAMS 0x0000000085700000, 0x0000000085600000| Untracked 
|  57|0x0000000085700000, 0x0000000085800000, 0x0000000085800000|100%| O|  |TAMS 0x0000000085800000, 0x0000000085700000| Untracked 
|  58|0x0000000085800000, 0x0000000085900000, 0x0000000085900000|100%| O|  |TAMS 0x0000000085900000, 0x0000000085800000| Untracked 
|  59|0x0000000085900000, 0x0000000085a00000, 0x0000000085a00000|100%| O|  |TAMS 0x0000000085a00000, 0x0000000085900000| Untracked 
|  60|0x0000000085a00000, 0x0000000085b00000, 0x0000000085b00000|100%| O|  |TAMS 0x0000000085b00000, 0x0000000085a00000| Untracked 
|  61|0x0000000085b00000, 0x0000000085c00000, 0x0000000085c00000|100%| O|  |TAMS 0x0000000085b00000, 0x0000000085b00000| Untracked 
|  62|0x0000000085c00000, 0x0000000085d00000, 0x0000000085d00000|100%|HS|  |TAMS 0x0000000085d00000, 0x0000000085c00000| Complete 
|  63|0x0000000085d00000, 0x0000000085e00000, 0x0000000085e00000|100%|HC|  |TAMS 0x0000000085e00000, 0x0000000085d00000| Complete 
|  64|0x0000000085e00000, 0x0000000085f00000, 0x0000000085f00000|100%| O|  |TAMS 0x0000000085f00000, 0x0000000085e00000| Untracked 
|  65|0x0000000085f00000, 0x0000000086000000, 0x0000000086000000|100%| O|  |TAMS 0x0000000086000000, 0x0000000085f00000| Untracked 
|  66|0x0000000086000000, 0x0000000086100000, 0x0000000086100000|100%| O|  |TAMS 0x0000000086100000, 0x0000000086000000| Untracked 
|  67|0x0000000086100000, 0x0000000086200000, 0x0000000086200000|100%| O|  |TAMS 0x0000000086200000, 0x0000000086100000| Untracked 
|  68|0x0000000086200000, 0x0000000086300000, 0x0000000086300000|100%| O|  |TAMS 0x0000000086300000, 0x0000000086200000| Untracked 
|  69|0x0000000086300000, 0x0000000086400000, 0x0000000086400000|100%| O|  |TAMS 0x00000000863aae00, 0x0000000086300000| Untracked 
|  70|0x0000000086400000, 0x0000000086500000, 0x0000000086500000|100%| O|  |TAMS 0x0000000086400000, 0x0000000086400000| Untracked 
|  71|0x0000000086500000, 0x0000000086600000, 0x0000000086600000|100%| O|  |TAMS 0x0000000086500000, 0x0000000086500000| Untracked 
|  72|0x0000000086600000, 0x0000000086700000, 0x0000000086700000|100%| O|  |TAMS 0x0000000086600000, 0x0000000086600000| Untracked 
|  73|0x0000000086700000, 0x0000000086800000, 0x0000000086800000|100%| O|  |TAMS 0x0000000086700000, 0x0000000086700000| Untracked 
|  74|0x0000000086800000, 0x0000000086900000, 0x0000000086900000|100%| O|  |TAMS 0x0000000086800000, 0x0000000086800000| Untracked 
|  75|0x0000000086900000, 0x0000000086a00000, 0x0000000086a00000|100%| O|  |TAMS 0x0000000086900000, 0x0000000086900000| Untracked 
|  76|0x0000000086a00000, 0x0000000086b00000, 0x0000000086b00000|100%| O|  |TAMS 0x0000000086a00000, 0x0000000086a00000| Untracked 
|  77|0x0000000086b00000, 0x0000000086c00000, 0x0000000086c00000|100%| O|  |TAMS 0x0000000086b00000, 0x0000000086b00000| Untracked 
|  78|0x0000000086c00000, 0x0000000086d00000, 0x0000000086d00000|100%| O|  |TAMS 0x0000000086c00000, 0x0000000086c00000| Untracked 
|  79|0x0000000086d00000, 0x0000000086e00000, 0x0000000086e00000|100%| O|  |TAMS 0x0000000086d00000, 0x0000000086d00000| Untracked 
|  80|0x0000000086e00000, 0x0000000086f00000, 0x0000000086f00000|100%| O|  |TAMS 0x0000000086e00000, 0x0000000086e00000| Untracked 
|  81|0x0000000086f00000, 0x0000000087000000, 0x0000000087000000|100%| O|  |TAMS 0x0000000086f00000, 0x0000000086f00000| Untracked 
|  82|0x0000000087000000, 0x0000000087100000, 0x0000000087100000|100%| O|  |TAMS 0x0000000087000000, 0x0000000087000000| Untracked 
|  83|0x0000000087100000, 0x0000000087200000, 0x0000000087200000|100%| O|  |TAMS 0x0000000087100000, 0x0000000087100000| Untracked 
|  84|0x0000000087200000, 0x0000000087300000, 0x0000000087300000|100%| O|  |TAMS 0x0000000087200000, 0x0000000087200000| Untracked 
|  85|0x0000000087300000, 0x0000000087400000, 0x0000000087400000|100%| O|  |TAMS 0x0000000087300000, 0x0000000087300000| Untracked 
|  86|0x0000000087400000, 0x0000000087500000, 0x0000000087500000|100%| O|  |TAMS 0x0000000087400000, 0x0000000087400000| Untracked 
|  87|0x0000000087500000, 0x0000000087500000, 0x0000000087600000|  0%| F|  |TAMS 0x0000000087500000, 0x0000000087500000| Untracked 
|  88|0x0000000087600000, 0x0000000087600000, 0x0000000087700000|  0%| F|  |TAMS 0x0000000087600000, 0x0000000087600000| Untracked 
|  89|0x0000000087700000, 0x0000000087700000, 0x0000000087800000|  0%| F|  |TAMS 0x0000000087700000, 0x0000000087700000| Untracked 
|  90|0x0000000087800000, 0x0000000087800000, 0x0000000087900000|  0%| F|  |TAMS 0x0000000087800000, 0x0000000087800000| Untracked 
|  91|0x0000000087900000, 0x0000000087900000, 0x0000000087a00000|  0%| F|  |TAMS 0x0000000087900000, 0x0000000087900000| Untracked 
|  92|0x0000000087a00000, 0x0000000087a00000, 0x0000000087b00000|  0%| F|  |TAMS 0x0000000087a00000, 0x0000000087a00000| Untracked 
|  93|0x0000000087b00000, 0x0000000087b00000, 0x0000000087c00000|  0%| F|  |TAMS 0x0000000087b00000, 0x0000000087b00000| Untracked 
|  94|0x0000000087c00000, 0x0000000087c00000, 0x0000000087d00000|  0%| F|  |TAMS 0x0000000087c00000, 0x0000000087c00000| Untracked 
|  95|0x0000000087d00000, 0x0000000087d00000, 0x0000000087e00000|  0%| F|  |TAMS 0x0000000087d00000, 0x0000000087d00000| Untracked 
|  96|0x0000000087e00000, 0x0000000087e00000, 0x0000000087f00000|  0%| F|  |TAMS 0x0000000087e00000, 0x0000000087e00000| Untracked 
|  97|0x0000000087f00000, 0x0000000087f00000, 0x0000000088000000|  0%| F|  |TAMS 0x0000000087f00000, 0x0000000087f00000| Untracked 
|  98|0x0000000088000000, 0x0000000088000000, 0x0000000088100000|  0%| F|  |TAMS 0x0000000088000000, 0x0000000088000000| Untracked 
|  99|0x0000000088100000, 0x0000000088100000, 0x0000000088200000|  0%| F|  |TAMS 0x0000000088100000, 0x0000000088100000| Untracked 
| 100|0x0000000088200000, 0x0000000088200000, 0x0000000088300000|  0%| F|  |TAMS 0x0000000088200000, 0x0000000088200000| Untracked 
| 101|0x0000000088300000, 0x0000000088300000, 0x0000000088400000|  0%| F|  |TAMS 0x0000000088300000, 0x0000000088300000| Untracked 
| 102|0x0000000088400000, 0x0000000088400000, 0x0000000088500000|  0%| F|  |TAMS 0x0000000088400000, 0x0000000088400000| Untracked 
| 103|0x0000000088500000, 0x0000000088500000, 0x0000000088600000|  0%| F|  |TAMS 0x0000000088500000, 0x0000000088500000| Untracked 
| 104|0x0000000088600000, 0x0000000088600000, 0x0000000088700000|  0%| F|  |TAMS 0x0000000088600000, 0x0000000088600000| Untracked 
| 105|0x0000000088700000, 0x0000000088700000, 0x0000000088800000|  0%| F|  |TAMS 0x0000000088700000, 0x0000000088700000| Untracked 
| 106|0x0000000088800000, 0x0000000088800000, 0x0000000088900000|  0%| F|  |TAMS 0x0000000088800000, 0x0000000088800000| Untracked 
| 107|0x0000000088900000, 0x0000000088900000, 0x0000000088a00000|  0%| F|  |TAMS 0x0000000088900000, 0x0000000088900000| Untracked 
| 108|0x0000000088a00000, 0x0000000088a00000, 0x0000000088b00000|  0%| F|  |TAMS 0x0000000088a00000, 0x0000000088a00000| Untracked 
| 109|0x0000000088b00000, 0x0000000088bd81e0, 0x0000000088c00000| 84%| S|CS|TAMS 0x0000000088b00000, 0x0000000088b00000| Complete 
| 110|0x0000000088c00000, 0x0000000088d00000, 0x0000000088d00000|100%| S|CS|TAMS 0x0000000088c00000, 0x0000000088c00000| Complete 
| 111|0x0000000088d00000, 0x0000000088e00000, 0x0000000088e00000|100%| S|CS|TAMS 0x0000000088d00000, 0x0000000088d00000| Complete 
| 112|0x0000000088e00000, 0x0000000088e00000, 0x0000000088f00000|  0%| F|  |TAMS 0x0000000088e00000, 0x0000000088e00000| Untracked 
| 113|0x0000000088f00000, 0x0000000088f00000, 0x0000000089000000|  0%| F|  |TAMS 0x0000000088f00000, 0x0000000088f00000| Untracked 
| 114|0x0000000089000000, 0x0000000089000000, 0x0000000089100000|  0%| F|  |TAMS 0x0000000089000000, 0x0000000089000000| Untracked 
| 115|0x0000000089100000, 0x0000000089100000, 0x0000000089200000|  0%| F|  |TAMS 0x0000000089100000, 0x0000000089100000| Untracked 
| 116|0x0000000089200000, 0x0000000089300000, 0x0000000089300000|100%| S|CS|TAMS 0x0000000089200000, 0x0000000089200000| Complete 
| 117|0x0000000089300000, 0x0000000089400000, 0x0000000089400000|100%| S|CS|TAMS 0x0000000089300000, 0x0000000089300000| Complete 
| 118|0x0000000089400000, 0x0000000089400000, 0x0000000089500000|  0%| F|  |TAMS 0x0000000089400000, 0x0000000089400000| Untracked 
| 119|0x0000000089500000, 0x0000000089500000, 0x0000000089600000|  0%| F|  |TAMS 0x0000000089500000, 0x0000000089500000| Untracked 
| 120|0x0000000089600000, 0x0000000089600000, 0x0000000089700000|  0%| F|  |TAMS 0x0000000089600000, 0x0000000089600000| Untracked 
| 121|0x0000000089700000, 0x0000000089700000, 0x0000000089800000|  0%| F|  |TAMS 0x0000000089700000, 0x0000000089700000| Untracked 
| 122|0x0000000089800000, 0x0000000089800000, 0x0000000089900000|  0%| F|  |TAMS 0x0000000089800000, 0x0000000089800000| Untracked 
| 123|0x0000000089900000, 0x0000000089900000, 0x0000000089a00000|  0%| F|  |TAMS 0x0000000089900000, 0x0000000089900000| Untracked 
| 124|0x0000000089a00000, 0x0000000089a00000, 0x0000000089b00000|  0%| F|  |TAMS 0x0000000089a00000, 0x0000000089a00000| Untracked 
| 125|0x0000000089b00000, 0x0000000089b00000, 0x0000000089c00000|  0%| F|  |TAMS 0x0000000089b00000, 0x0000000089b00000| Untracked 
| 126|0x0000000089c00000, 0x0000000089c00000, 0x0000000089d00000|  0%| F|  |TAMS 0x0000000089c00000, 0x0000000089c00000| Untracked 
| 127|0x0000000089d00000, 0x0000000089d00000, 0x0000000089e00000|  0%| F|  |TAMS 0x0000000089d00000, 0x0000000089d00000| Untracked 
| 128|0x0000000089e00000, 0x0000000089e00000, 0x0000000089f00000|  0%| F|  |TAMS 0x0000000089e00000, 0x0000000089e00000| Untracked 
| 129|0x0000000089f00000, 0x0000000089f00000, 0x000000008a000000|  0%| F|  |TAMS 0x0000000089f00000, 0x0000000089f00000| Untracked 
| 130|0x000000008a000000, 0x000000008a000000, 0x000000008a100000|  0%| F|  |TAMS 0x000000008a000000, 0x000000008a000000| Untracked 
| 131|0x000000008a100000, 0x000000008a100000, 0x000000008a200000|  0%| F|  |TAMS 0x000000008a100000, 0x000000008a100000| Untracked 
| 132|0x000000008a200000, 0x000000008a200000, 0x000000008a300000|  0%| F|  |TAMS 0x000000008a200000, 0x000000008a200000| Untracked 
| 133|0x000000008a300000, 0x000000008a300000, 0x000000008a400000|  0%| F|  |TAMS 0x000000008a300000, 0x000000008a300000| Untracked 
| 134|0x000000008a400000, 0x000000008a400000, 0x000000008a500000|  0%| F|  |TAMS 0x000000008a400000, 0x000000008a400000| Untracked 
| 135|0x000000008a500000, 0x000000008a500000, 0x000000008a600000|  0%| F|  |TAMS 0x000000008a500000, 0x000000008a500000| Untracked 
| 136|0x000000008a600000, 0x000000008a600000, 0x000000008a700000|  0%| F|  |TAMS 0x000000008a600000, 0x000000008a600000| Untracked 
| 137|0x000000008a700000, 0x000000008a700000, 0x000000008a800000|  0%| F|  |TAMS 0x000000008a700000, 0x000000008a700000| Untracked 
| 138|0x000000008a800000, 0x000000008a800000, 0x000000008a900000|  0%| F|  |TAMS 0x000000008a800000, 0x000000008a800000| Untracked 
| 139|0x000000008a900000, 0x000000008a900000, 0x000000008aa00000|  0%| F|  |TAMS 0x000000008a900000, 0x000000008a900000| Untracked 
| 140|0x000000008aa00000, 0x000000008aa00000, 0x000000008ab00000|  0%| F|  |TAMS 0x000000008aa00000, 0x000000008aa00000| Untracked 
| 141|0x000000008ab00000, 0x000000008ab00000, 0x000000008ac00000|  0%| F|  |TAMS 0x000000008ab00000, 0x000000008ab00000| Untracked 
| 142|0x000000008ac00000, 0x000000008ac00000, 0x000000008ad00000|  0%| F|  |TAMS 0x000000008ac00000, 0x000000008ac00000| Untracked 
| 143|0x000000008ad00000, 0x000000008ad00000, 0x000000008ae00000|  0%| F|  |TAMS 0x000000008ad00000, 0x000000008ad00000| Untracked 
| 144|0x000000008ae00000, 0x000000008ae00000, 0x000000008af00000|  0%| F|  |TAMS 0x000000008ae00000, 0x000000008ae00000| Untracked 
| 145|0x000000008af00000, 0x000000008af00000, 0x000000008b000000|  0%| F|  |TAMS 0x000000008af00000, 0x000000008af00000| Untracked 
| 146|0x000000008b000000, 0x000000008b000000, 0x000000008b100000|  0%| F|  |TAMS 0x000000008b000000, 0x000000008b000000| Untracked 
| 147|0x000000008b100000, 0x000000008b100000, 0x000000008b200000|  0%| F|  |TAMS 0x000000008b100000, 0x000000008b100000| Untracked 
| 148|0x000000008b200000, 0x000000008b200000, 0x000000008b300000|  0%| F|  |TAMS 0x000000008b200000, 0x000000008b200000| Untracked 
| 149|0x000000008b300000, 0x000000008b300000, 0x000000008b400000|  0%| F|  |TAMS 0x000000008b300000, 0x000000008b300000| Untracked 
| 150|0x000000008b400000, 0x000000008b400000, 0x000000008b500000|  0%| F|  |TAMS 0x000000008b400000, 0x000000008b400000| Untracked 
| 151|0x000000008b500000, 0x000000008b500000, 0x000000008b600000|  0%| F|  |TAMS 0x000000008b500000, 0x000000008b500000| Untracked 
| 152|0x000000008b600000, 0x000000008b600000, 0x000000008b700000|  0%| F|  |TAMS 0x000000008b600000, 0x000000008b600000| Untracked 
| 153|0x000000008b700000, 0x000000008b700000, 0x000000008b800000|  0%| F|  |TAMS 0x000000008b700000, 0x000000008b700000| Untracked 
| 154|0x000000008b800000, 0x000000008b800000, 0x000000008b900000|  0%| F|  |TAMS 0x000000008b800000, 0x000000008b800000| Untracked 
| 155|0x000000008b900000, 0x000000008b900000, 0x000000008ba00000|  0%| F|  |TAMS 0x000000008b900000, 0x000000008b900000| Untracked 
| 156|0x000000008ba00000, 0x000000008ba00000, 0x000000008bb00000|  0%| F|  |TAMS 0x000000008ba00000, 0x000000008ba00000| Untracked 
| 157|0x000000008bb00000, 0x000000008bb00000, 0x000000008bc00000|  0%| F|  |TAMS 0x000000008bb00000, 0x000000008bb00000| Untracked 
| 158|0x000000008bc00000, 0x000000008bc00000, 0x000000008bd00000|  0%| F|  |TAMS 0x000000008bc00000, 0x000000008bc00000| Untracked 
| 159|0x000000008bd00000, 0x000000008bd00000, 0x000000008be00000|  0%| F|  |TAMS 0x000000008bd00000, 0x000000008bd00000| Untracked 
| 160|0x000000008be00000, 0x000000008be00000, 0x000000008bf00000|  0%| F|  |TAMS 0x000000008be00000, 0x000000008be00000| Untracked 
| 161|0x000000008bf00000, 0x000000008bf00000, 0x000000008c000000|  0%| F|  |TAMS 0x000000008bf00000, 0x000000008bf00000| Untracked 
| 162|0x000000008c000000, 0x000000008c000000, 0x000000008c100000|  0%| F|  |TAMS 0x000000008c000000, 0x000000008c000000| Untracked 
| 163|0x000000008c100000, 0x000000008c100000, 0x000000008c200000|  0%| F|  |TAMS 0x000000008c100000, 0x000000008c100000| Untracked 

Card table byte_map: [0x000001f16cd90000,0x000001f16d190000] _byte_map_base: 0x000001f16c981000

Marking Bits (Prev, Next): (CMBitMap*) 0x000001f15a1e7280, (CMBitMap*) 0x000001f15a1e72c0
 Prev Bits: [0x000001f16d590000, 0x000001f16f518000)
 Next Bits: [0x000001f16f520000, 0x000001f1714a8000)

Polling page: 0x000001f158100000

Metaspace:

Usage:
  Non-class:     57.54 MB used.
      Class:      7.46 MB used.
       Both:     65.00 MB used.

Virtual space:
  Non-class space:       64.00 MB reserved,      57.69 MB ( 90%) committed,  8 nodes.
      Class space:        1.00 GB reserved,       7.62 MB ( <1%) committed,  1 nodes.
             Both:        1.06 GB reserved,      65.31 MB (  6%) committed. 

Chunk freelists:
   Non-Class:  2.33 MB
       Class:  367.00 KB
        Both:  2.69 MB

MaxMetaspaceSize: unlimited
CompressedClassSpaceSize: 1.00 GB
Initial GC threshold: 21.00 MB
Current GC threshold: 105.56 MB
CDS: off
MetaspaceReclaimPolicy: balanced
 - commit_granule_bytes: 65536.
 - commit_granule_words: 8192.
 - virtual_space_node_default_size: 1048576.
 - enlarge_chunks_in_place: 1.
 - new_chunks_are_fully_committed: 0.
 - uncommit_free_chunks: 1.
 - use_allocation_guard: 0.
 - handle_deallocations: 1.


Internal statistics:

num_allocs_failed_limit: 6.
num_arena_births: 318.
num_arena_deaths: 0.
num_vsnodes_births: 9.
num_vsnodes_deaths: 0.
num_space_committed: 1043.
num_space_uncommitted: 0.
num_chunks_returned_to_freelist: 6.
num_chunks_taken_from_freelist: 2438.
num_chunk_merges: 6.
num_chunk_splits: 1889.
num_chunks_enlarged: 1628.
num_purges: 0.
num_inconsistent_stats: 0.

CodeHeap 'non-profiled nmethods': size=120000Kb used=5725Kb max_used=5725Kb free=114274Kb
 bounds [0x000001f165130000, 0x000001f1656d0000, 0x000001f16c660000]
CodeHeap 'profiled nmethods': size=120000Kb used=26644Kb max_used=26644Kb free=93355Kb
 bounds [0x000001f15d660000, 0x000001f15f070000, 0x000001f164b90000]
CodeHeap 'non-nmethods': size=5760Kb used=1308Kb max_used=1416Kb free=4451Kb
 bounds [0x000001f164b90000, 0x000001f164e00000, 0x000001f165130000]
 total_blobs=9910 nmethods=9286 adapters=535
 compilation: enabled
              stopped_count=0, restarted_count=0
 full_count=0

Compilation events (20 events):
Event: 21.110 Thread 0x000001f17e0079a0 nmethod 10837 0x000001f1656c1d90 code [0x000001f1656c1f40, 0x000001f1656c2318]
Event: 21.113 Thread 0x000001f1753baff0 nmethod 10834 0x000001f1656c2690 code [0x000001f1656c2860, 0x000001f1656c3558]
Event: 21.116 Thread 0x000001f174839c40 nmethod 10836 0x000001f1656c3a90 code [0x000001f1656c3c80, 0x000001f1656c4508]
Event: 21.120 Thread 0x000001f174839c40 10838       4       org.jetbrains.kotlin.com.intellij.openapi.vfs.impl.jar.CoreJarVirtualFile::getName (18 bytes)
Event: 21.121 Thread 0x000001f174839c40 nmethod 10838 0x000001f1656c4f10 code [0x000001f1656c5080, 0x000001f1656c5138]
Event: 21.136 Thread 0x000001f1753baff0 10839       4       org.jetbrains.kotlin.metadata.jvm.JvmProtoBuf$JvmMethodSignature::writeTo (52 bytes)
Event: 21.142 Thread 0x000001f17483a540 10840       3       org.jetbrains.kotlin.renderer.DescriptorRendererImpl::appendDefinedIn (179 bytes)
Event: 21.143 Thread 0x000001f174839c40 10841       4       org.jetbrains.kotlin.metadata.ProtoBuf$Property::writeTo (432 bytes)
Event: 21.143 Thread 0x000001f17e0079a0 10842       4       org.jetbrains.kotlin.storage.LockBasedStorageManager::createNullableLazyValue (19 bytes)
Event: 21.145 Thread 0x000001f17483a540 nmethod 10840 0x000001f15f063510 code [0x000001f15f0639e0, 0x000001f15f065d28]
Event: 21.148 Thread 0x000001f17e0079a0 nmethod 10842 0x000001f1656c5210 code [0x000001f1656c53a0, 0x000001f1656c5718]
Event: 21.148 Thread 0x000001f17e0079a0 10844       4       org.jetbrains.kotlin.metadata.ProtoBuf$Package::getDefaultInstanceForType (5 bytes)
Event: 21.148 Thread 0x000001f17e0079a0 nmethod 10844 0x000001f1656c5810 code [0x000001f1656c5980, 0x000001f1656c59f8]
Event: 21.148 Thread 0x000001f17e0079a0 10843       4       org.jetbrains.kotlin.metadata.jvm.JvmProtoBuf$JvmPropertySignature::initFields (36 bytes)
Event: 21.150 Thread 0x000001f1753baff0 nmethod 10839 0x000001f1656c5b10 code [0x000001f1656c5ce0, 0x000001f1656c6458]
Event: 21.151 Thread 0x000001f1753baff0 10845       4       org.jetbrains.kotlin.metadata.jvm.JvmProtoBuf$JvmPropertySignature::newBuilderForType (5 bytes)
Event: 21.152 Thread 0x000001f1753baff0 nmethod 10845 0x000001f1656c6b90 code [0x000001f1656c6d20, 0x000001f1656c6e18]
Event: 21.152 Thread 0x000001f1753baff0 10848   !   4       org.jetbrains.kotlin.metadata.jvm.JvmProtoBuf$StringTableTypes::<init> (495 bytes)
Event: 21.154 Thread 0x000001f17e0079a0 nmethod 10843 0x000001f1656c6f10 code [0x000001f1656c70a0, 0x000001f1656c7538]
Event: 21.155 Thread 0x000001f17e0079a0 10846       4       org.jetbrains.kotlin.metadata.jvm.JvmProtoBuf$JvmPropertySignature::writeTo (113 bytes)

GC Heap History (20 events):
Event: 14.224 GC heap after
{Heap after GC invocations=19 (full 0):
 garbage-first heap   total 112640K, used 60099K [0x0000000081e00000, 0x0000000100000000)
  region size 1024K, 5 young (5120K), 5 survivors (5120K)
 Metaspace       used 61796K, committed 62080K, reserved 1105920K
  class space    used 7353K, committed 7488K, reserved 1048576K
}
Event: 15.528 GC heap before
{Heap before GC invocations=20 (full 0):
 garbage-first heap   total 112640K, used 86723K [0x0000000081e00000, 0x0000000100000000)
  region size 1024K, 31 young (31744K), 5 survivors (5120K)
 Metaspace       used 62979K, committed 63232K, reserved 1105920K
  class space    used 7446K, committed 7552K, reserved 1048576K
}
Event: 15.556 GC heap after
{Heap after GC invocations=21 (full 0):
 garbage-first heap   total 112640K, used 62251K [0x0000000081e00000, 0x0000000100000000)
  region size 1024K, 4 young (4096K), 4 survivors (4096K)
 Metaspace       used 62979K, committed 63232K, reserved 1105920K
  class space    used 7446K, committed 7552K, reserved 1048576K
}
Event: 17.094 GC heap before
{Heap before GC invocations=21 (full 0):
 garbage-first heap   total 112640K, used 86827K [0x0000000081e00000, 0x0000000100000000)
  region size 1024K, 29 young (29696K), 4 survivors (4096K)
 Metaspace       used 64376K, committed 64704K, reserved 1105920K
  class space    used 7524K, committed 7680K, reserved 1048576K
}
Event: 17.118 GC heap after
{Heap after GC invocations=22 (full 0):
 garbage-first heap   total 112640K, used 66515K [0x0000000081e00000, 0x0000000100000000)
  region size 1024K, 4 young (4096K), 4 survivors (4096K)
 Metaspace       used 64376K, committed 64704K, reserved 1105920K
  class space    used 7524K, committed 7680K, reserved 1048576K
}
Event: 17.577 GC heap before
{Heap before GC invocations=23 (full 0):
 garbage-first heap   total 116736K, used 91091K [0x0000000081e00000, 0x0000000100000000)
  region size 1024K, 26 young (26624K), 4 survivors (4096K)
 Metaspace       used 64667K, committed 64960K, reserved 1105920K
  class space    used 7546K, committed 7680K, reserved 1048576K
}
Event: 17.591 GC heap after
{Heap after GC invocations=24 (full 0):
 garbage-first heap   total 116736K, used 70688K [0x0000000081e00000, 0x0000000100000000)
  region size 1024K, 3 young (3072K), 3 survivors (3072K)
 Metaspace       used 64667K, committed 64960K, reserved 1105920K
  class space    used 7546K, committed 7680K, reserved 1048576K
}
Event: 17.643 GC heap before
{Heap before GC invocations=24 (full 0):
 garbage-first heap   total 116736K, used 72736K [0x0000000081e00000, 0x0000000100000000)
  region size 1024K, 5 young (5120K), 3 survivors (3072K)
 Metaspace       used 64667K, committed 64960K, reserved 1105920K
  class space    used 7546K, committed 7680K, reserved 1048576K
}
Event: 17.651 GC heap after
{Heap after GC invocations=25 (full 0):
 garbage-first heap   total 140288K, used 70805K [0x0000000081e00000, 0x0000000100000000)
  region size 1024K, 1 young (1024K), 1 survivors (1024K)
 Metaspace       used 64667K, committed 64960K, reserved 1105920K
  class space    used 7546K, committed 7680K, reserved 1048576K
}
Event: 18.101 GC heap before
{Heap before GC invocations=25 (full 0):
 garbage-first heap   total 140288K, used 109717K [0x0000000081e00000, 0x0000000100000000)
  region size 1024K, 39 young (39936K), 1 survivors (1024K)
 Metaspace       used 64670K, committed 64960K, reserved 1105920K
  class space    used 7546K, committed 7680K, reserved 1048576K
}
Event: 18.106 GC heap after
{Heap after GC invocations=26 (full 0):
 garbage-first heap   total 140288K, used 73827K [0x0000000081e00000, 0x0000000100000000)
  region size 1024K, 4 young (4096K), 4 survivors (4096K)
 Metaspace       used 64670K, committed 64960K, reserved 1105920K
  class space    used 7546K, committed 7680K, reserved 1048576K
}
Event: 18.273 GC heap before
{Heap before GC invocations=27 (full 0):
 garbage-first heap   total 167936K, used 111715K [0x0000000081e00000, 0x0000000100000000)
  region size 1024K, 41 young (41984K), 4 survivors (4096K)
 Metaspace       used 64673K, committed 64960K, reserved 1105920K
  class space    used 7546K, committed 7680K, reserved 1048576K
}
Event: 18.283 GC heap after
{Heap after GC invocations=28 (full 0):
 garbage-first heap   total 167936K, used 78374K [0x0000000081e00000, 0x0000000100000000)
  region size 1024K, 5 young (5120K), 5 survivors (5120K)
 Metaspace       used 64673K, committed 64960K, reserved 1105920K
  class space    used 7546K, committed 7680K, reserved 1048576K
}
Event: 18.292 GC heap before
{Heap before GC invocations=28 (full 0):
 garbage-first heap   total 167936K, used 81446K [0x0000000081e00000, 0x0000000100000000)
  region size 1024K, 8 young (8192K), 5 survivors (5120K)
 Metaspace       used 64673K, committed 64960K, reserved 1105920K
  class space    used 7546K, committed 7680K, reserved 1048576K
}
Event: 18.300 GC heap after
{Heap after GC invocations=29 (full 0):
 garbage-first heap   total 167936K, used 78478K [0x0000000081e00000, 0x0000000100000000)
  region size 1024K, 1 young (1024K), 1 survivors (1024K)
 Metaspace       used 64673K, committed 64960K, reserved 1105920K
  class space    used 7546K, committed 7680K, reserved 1048576K
}
Event: 19.900 GC heap before
{Heap before GC invocations=29 (full 0):
 garbage-first heap   total 167936K, used 133774K [0x0000000081e00000, 0x0000000100000000)
  region size 1024K, 54 young (55296K), 1 survivors (1024K)
 Metaspace       used 66142K, committed 66432K, reserved 1114112K
  class space    used 7621K, committed 7744K, reserved 1048576K
}
Event: 19.912 GC heap after
{Heap after GC invocations=30 (full 0):
 garbage-first heap   total 167936K, used 84992K [0x0000000081e00000, 0x0000000100000000)
  region size 1024K, 7 young (7168K), 7 survivors (7168K)
 Metaspace       used 66142K, committed 66432K, reserved 1114112K
  class space    used 7621K, committed 7744K, reserved 1048576K
}
Event: 20.907 GC heap before
{Heap before GC invocations=30 (full 0):
 garbage-first heap   total 167936K, used 134144K [0x0000000081e00000, 0x0000000100000000)
  region size 1024K, 55 young (56320K), 7 survivors (7168K)
 Metaspace       used 66558K, committed 66880K, reserved 1114112K
  class space    used 7640K, committed 7808K, reserved 1048576K
}
Event: 20.925 GC heap after
{Heap after GC invocations=31 (full 0):
 garbage-first heap   total 167936K, used 89074K [0x0000000081e00000, 0x0000000100000000)
  region size 1024K, 4 young (4096K), 4 survivors (4096K)
 Metaspace       used 66558K, committed 66880K, reserved 1114112K
  class space    used 7640K, committed 7808K, reserved 1048576K
}
Event: 21.209 GC heap before
{Heap before GC invocations=31 (full 0):
 garbage-first heap   total 167936K, used 136178K [0x0000000081e00000, 0x0000000100000000)
  region size 1024K, 50 young (51200K), 4 survivors (4096K)
 Metaspace       used 66558K, committed 66880K, reserved 1114112K
  class space    used 7640K, committed 7808K, reserved 1048576K
}

Dll operation events (2 events):
Event: 0.021 Loaded shared library C:\Program Files\Android\Android Studio\jbr\bin\java.dll
Event: 2.406 Loaded shared library C:\Program Files\Android\Android Studio\jbr\bin\verify.dll

Deoptimization events (20 events):
Event: 20.265 Thread 0x000001f15a187db0 Uncommon trap: trap_request=0xffffff45 fr.pc=0x000001f16555f9ac relative=0x000000000000042c
Event: 20.265 Thread 0x000001f15a187db0 Uncommon trap: reason=unstable_if action=reinterpret pc=0x000001f16555f9ac method=org.jetbrains.kotlin.psi.psiUtil.KtPsiUtilKt.getQualifiedElementSelector(Lorg/jetbrains/kotlin/psi/KtElement;)Lorg/jetbrains/kotlin/psi/KtElement; @ 12 c2
Event: 20.265 Thread 0x000001f15a187db0 DEOPT PACKING pc=0x000001f16555f9ac sp=0x00000004a3bf0c00
Event: 20.265 Thread 0x000001f15a187db0 DEOPT UNPACKING pc=0x000001f164be69a3 sp=0x00000004a3bf0ba0 mode 2
Event: 20.365 Thread 0x000001f15a187db0 Uncommon trap: trap_request=0xffffff66 fr.pc=0x000001f165648cb8 relative=0x0000000000001778
Event: 20.365 Thread 0x000001f15a187db0 Uncommon trap: reason=speculate_class_check action=maybe_recompile pc=0x000001f165648cb8 method=org.jetbrains.kotlin.types.model.TypeSystemCommonSuperTypesContext$DefaultImpls.typeDepth(Lorg/jetbrains/kotlin/types/model/TypeSystemCommonSuperTypesContext;L
Event: 20.365 Thread 0x000001f15a187db0 DEOPT PACKING pc=0x000001f165648cb8 sp=0x00000004a3bfa990
Event: 20.365 Thread 0x000001f15a187db0 DEOPT UNPACKING pc=0x000001f164be69a3 sp=0x00000004a3bfa718 mode 2
Event: 20.377 Thread 0x000001f15a187db0 Uncommon trap: trap_request=0xffffff66 fr.pc=0x000001f165644f80 relative=0x00000000000018a0
Event: 20.377 Thread 0x000001f15a187db0 Uncommon trap: reason=speculate_class_check action=maybe_recompile pc=0x000001f165644f80 method=org.jetbrains.kotlin.types.model.TypeSystemCommonSuperTypesContext$DefaultImpls.typeDepth(Lorg/jetbrains/kotlin/types/model/TypeSystemCommonSuperTypesContext;L
Event: 20.377 Thread 0x000001f15a187db0 DEOPT PACKING pc=0x000001f165644f80 sp=0x00000004a3bf9e00
Event: 20.377 Thread 0x000001f15a187db0 DEOPT UNPACKING pc=0x000001f164be69a3 sp=0x00000004a3bf9bf0 mode 2
Event: 20.377 Thread 0x000001f15a187db0 Uncommon trap: trap_request=0xffffff66 fr.pc=0x000001f165644f80 relative=0x00000000000018a0
Event: 20.377 Thread 0x000001f15a187db0 Uncommon trap: reason=speculate_class_check action=maybe_recompile pc=0x000001f165644f80 method=org.jetbrains.kotlin.types.model.TypeSystemCommonSuperTypesContext$DefaultImpls.typeDepth(Lorg/jetbrains/kotlin/types/model/TypeSystemCommonSuperTypesContext;L
Event: 20.377 Thread 0x000001f15a187db0 DEOPT PACKING pc=0x000001f165644f80 sp=0x00000004a3bf9e00
Event: 20.377 Thread 0x000001f15a187db0 DEOPT UNPACKING pc=0x000001f164be69a3 sp=0x00000004a3bf9bf0 mode 2
Event: 20.377 Thread 0x000001f15a187db0 Uncommon trap: trap_request=0xffffff45 fr.pc=0x000001f165615660 relative=0x00000000000003c0
Event: 20.377 Thread 0x000001f15a187db0 Uncommon trap: reason=unstable_if action=reinterpret pc=0x000001f165615660 method=org.jetbrains.kotlin.types.TypeUtils.isTypeParameter(Lorg/jetbrains/kotlin/types/KotlinType;)Z @ 23 c2
Event: 20.377 Thread 0x000001f15a187db0 DEOPT PACKING pc=0x000001f165615660 sp=0x00000004a3bf9df0
Event: 20.377 Thread 0x000001f15a187db0 DEOPT UNPACKING pc=0x000001f164be69a3 sp=0x00000004a3bf9d20 mode 2

Classes unloaded (0 events):
No events

Classes redefined (0 events):
No events

Internal exceptions (20 events):
Event: 10.109 Thread 0x000001f15a187db0 Exception <a 'java/lang/NoSuchMethodError'{0x0000000089d15ba8}: 'java.lang.Object java.lang.invoke.Invokers$Holder.linkToTargetMethod(java.lang.Object, java.lang.Object, java.lang.Object, java.lang.Object, java.lang.Object, java.lang.Object, java.lang.Object, java.lang.Object)'> (0x0000000089d15ba8) 
thrown [s\src\hotspot\share\interpreter\linkResolver.cpp, line 771]
Event: 11.480 Thread 0x000001f15a187db0 Exception <a 'java/lang/NoSuchMethodError'{0x0000000087872dd0}: 'java.lang.Object java.lang.invoke.DirectMethodHandle$Holder.newInvokeSpecial(java.lang.Object, java.lang.Object, java.lang.Object, java.lang.Object, java.lang.Object, java.lang.Object)'> (0x0000000087872dd0) 
thrown [s\src\hotspot\share\interpreter\linkResolver.cpp, line 771]
Event: 12.182 Thread 0x000001f15a187db0 Exception <a 'java/lang/NoSuchMethodError'{0x00000000885c75d0}: 'java.lang.Object java.lang.invoke.DirectMethodHandle$Holder.invokeStatic(java.lang.Object, java.lang.Object, java.lang.Object, java.lang.Object, int)'> (0x00000000885c75d0) 
thrown [s\src\hotspot\share\interpreter\linkResolver.cpp, line 771]
Event: 12.183 Thread 0x000001f15a187db0 Exception <a 'java/lang/NoSuchMethodError'{0x00000000885d0c70}: 'java.lang.Object java.lang.invoke.DirectMethodHandle$Holder.newInvokeSpecial(java.lang.Object, java.lang.Object, java.lang.Object, java.lang.Object, int)'> (0x00000000885d0c70) 
thrown [s\src\hotspot\share\interpreter\linkResolver.cpp, line 771]
Event: 12.183 Thread 0x000001f15a187db0 Exception <a 'java/lang/NoSuchMethodError'{0x00000000885d54f8}: 'java.lang.Object java.lang.invoke.DirectMethodHandle$Holder.invokeSpecial(java.lang.Object, java.lang.Object, java.lang.Object, java.lang.Object, java.lang.Object, int)'> (0x00000000885d54f8) 
thrown [s\src\hotspot\share\interpreter\linkResolver.cpp, line 771]
Event: 12.183 Thread 0x000001f15a187db0 Exception <a 'java/lang/NoSuchMethodError'{0x00000000885d9730}: 'java.lang.Object java.lang.invoke.Invokers$Holder.linkToTargetMethod(java.lang.Object, java.lang.Object, java.lang.Object, int, java.lang.Object)'> (0x00000000885d9730) 
thrown [s\src\hotspot\share\interpreter\linkResolver.cpp, line 771]
Event: 12.436 Thread 0x000001f15a187db0 Exception <a 'java/lang/NoSuchMethodError'{0x00000000880c6d50}: 'java.lang.Object java.lang.invoke.DirectMethodHandle$Holder.invokeStaticInit(java.lang.Object, java.lang.Object, java.lang.Object)'> (0x00000000880c6d50) 
thrown [s\src\hotspot\share\interpreter\linkResolver.cpp, line 771]
Event: 13.317 Thread 0x000001f15a187db0 Exception <a 'java/lang/NoSuchMethodError'{0x00000000889b5710}: 'java.lang.Object java.lang.invoke.DirectMethodHandle$Holder.newInvokeSpecial(java.lang.Object, int, java.lang.Object)'> (0x00000000889b5710) 
thrown [s\src\hotspot\share\interpreter\linkResolver.cpp, line 771]
Event: 13.318 Thread 0x000001f15a187db0 Exception <a 'java/lang/NoSuchMethodError'{0x00000000889bbaa8}: 'int java.lang.invoke.DirectMethodHandle$Holder.invokeInterface(java.lang.Object, java.lang.Object)'> (0x00000000889bbaa8) 
thrown [s\src\hotspot\share\interpreter\linkResolver.cpp, line 771]
Event: 13.335 Thread 0x000001f15a187db0 Implicit null exception at 0x000001f165178e6a to 0x000001f16517902c
Event: 13.335 Thread 0x000001f15a187db0 Implicit null exception at 0x000001f16518f70f to 0x000001f16518f785
Event: 13.489 Thread 0x000001f15a187db0 Exception <a 'java/lang/NoSuchMethodError'{0x0000000088256cd8}: 'int java.lang.invoke.DirectMethodHandle$Holder.invokeStaticInit(java.lang.Object, int)'> (0x0000000088256cd8) 
thrown [s\src\hotspot\share\interpreter\linkResolver.cpp, line 771]
Event: 13.496 Thread 0x000001f15a187db0 Implicit null exception at 0x000001f16543a413 to 0x000001f16543a8fc
Event: 14.807 Thread 0x000001f15a187db0 Exception <a 'java/lang/NoSuchMethodError'{0x000000008792f480}: 'java.lang.Object java.lang.invoke.DirectMethodHandle$Holder.invokeInterface(java.lang.Object, java.lang.Object, java.lang.Object)'> (0x000000008792f480) 
thrown [s\src\hotspot\share\interpreter\linkResolver.cpp, line 771]
Event: 14.807 Thread 0x000001f15a187db0 Exception <a 'java/lang/IncompatibleClassChangeError'{0x0000000087933b38}: Found class java.lang.Object, but interface was expected> (0x0000000087933b38) 
thrown [s\src\hotspot\share\interpreter\linkResolver.cpp, line 838]
Event: 15.885 Thread 0x000001f15a187db0 Exception <a 'java/lang/NoSuchMethodError'{0x00000000887982c8}: 'void java.lang.invoke.DirectMethodHandle$Holder.invokeStatic(java.lang.Object, java.lang.Object, java.lang.Object)'> (0x00000000887982c8) 
thrown [s\src\hotspot\share\interpreter\linkResolver.cpp, line 771]
Event: 15.923 Thread 0x000001f15a187db0 Exception <a 'java/lang/NoSuchMethodError'{0x0000000088658af8}: 'java.lang.Object java.lang.invoke.DirectMethodHandle$Holder.newInvokeSpecial(java.lang.Object, java.lang.Object, java.lang.Object, java.lang.Object, java.lang.Object, java.lang.Object, java.lang.Object)'> (0x0000000088658af8) 
thrown [s\src\hotspot\share\interpreter\linkResolver.cpp, line 771]
Event: 15.924 Thread 0x000001f15a187db0 Exception <a 'java/lang/NoSuchMethodError'{0x000000008865d6b0}: 'java.lang.Object java.lang.invoke.Invokers$Holder.linkToTargetMethod(java.lang.Object, java.lang.Object, java.lang.Object, java.lang.Object, java.lang.Object, java.lang.Object, java.lang.Object)'> (0x000000008865d6b0) 
thrown [s\src\hotspot\share\interpreter\linkResolver.cpp, line 771]
Event: 18.683 Thread 0x000001f15a187db0 Implicit null exception at 0x000001f165560d34 to 0x000001f165560dbd
Event: 18.706 Thread 0x000001f15a187db0 Implicit null exception at 0x000001f16559d372 to 0x000001f16559da0c

VM Operations (20 events):
Event: 19.384 Executing VM operation: ICBufferFull done
Event: 19.679 Executing VM operation: ICBufferFull
Event: 19.679 Executing VM operation: ICBufferFull done
Event: 19.899 Executing VM operation: G1CollectForAllocation
Event: 19.912 Executing VM operation: G1CollectForAllocation done
Event: 19.958 Executing VM operation: HandshakeAllThreads
Event: 19.959 Executing VM operation: HandshakeAllThreads done
Event: 20.150 Executing VM operation: ICBufferFull
Event: 20.150 Executing VM operation: ICBufferFull done
Event: 20.167 Executing VM operation: HandshakeAllThreads
Event: 20.167 Executing VM operation: HandshakeAllThreads done
Event: 20.247 Executing VM operation: HandshakeAllThreads
Event: 20.247 Executing VM operation: HandshakeAllThreads done
Event: 20.272 Executing VM operation: ICBufferFull
Event: 20.272 Executing VM operation: ICBufferFull done
Event: 20.367 Executing VM operation: ICBufferFull
Event: 20.367 Executing VM operation: ICBufferFull done
Event: 20.906 Executing VM operation: G1CollectForAllocation
Event: 20.925 Executing VM operation: G1CollectForAllocation done
Event: 21.209 Executing VM operation: G1CollectForAllocation

Events (20 events):
Event: 17.935 Thread 0x000001f17483cf40 flushing nmethod 0x000001f15e968810
Event: 17.935 Thread 0x000001f17483cf40 flushing nmethod 0x000001f15e987c10
Event: 17.935 Thread 0x000001f17483cf40 flushing nmethod 0x000001f15e989690
Event: 17.936 Thread 0x000001f17483cf40 flushing nmethod 0x000001f15e9da310
Event: 17.936 Thread 0x000001f17483cf40 flushing nmethod 0x000001f15ea28910
Event: 17.936 Thread 0x000001f17483cf40 flushing nmethod 0x000001f15ea82510
Event: 17.937 Thread 0x000001f17483cf40 flushing nmethod 0x000001f15eb2e290
Event: 17.937 Thread 0x000001f17483cf40 flushing nmethod 0x000001f15eb48e90
Event: 17.938 Thread 0x000001f17483cf40 flushing nmethod 0x000001f15eb7ad10
Event: 20.249 Thread 0x000001f17483cf40 flushing nmethod 0x000001f15d676990
Event: 20.254 Thread 0x000001f17483cf40 flushing nmethod 0x000001f15daff190
Event: 20.254 Thread 0x000001f17483cf40 flushing nmethod 0x000001f15db31790
Event: 20.258 Thread 0x000001f17483cf40 flushing nmethod 0x000001f15de0ea90
Event: 20.259 Thread 0x000001f17483cf40 flushing nmethod 0x000001f15de8d990
Event: 20.259 Thread 0x000001f17483cf40 flushing nmethod 0x000001f15df30e90
Event: 20.260 Thread 0x000001f17483cf40 flushing nmethod 0x000001f15e05c390
Event: 20.261 Thread 0x000001f17483cf40 flushing nmethod 0x000001f15e12e690
Event: 20.262 Thread 0x000001f17483cf40 flushing nmethod 0x000001f15e1b6010
Event: 20.727 loading class java/time/Instant
Event: 20.727 loading class java/time/Instant done


Dynamic libraries:
0x00007ff7f8a40000 - 0x00007ff7f8a4a000 	C:\Program Files\Android\Android Studio\jbr\bin\java.exe
0x00007ffb0a0b0000 - 0x00007ffb0a2a8000 	C:\WINDOWS\SYSTEM32\ntdll.dll
0x00007ffb09fb0000 - 0x00007ffb0a06f000 	C:\WINDOWS\System32\KERNEL32.DLL
0x00007ffb077e0000 - 0x00007ffb07ad6000 	C:\WINDOWS\System32\KERNELBASE.dll
0x00007ffb07b50000 - 0x00007ffb07c50000 	C:\WINDOWS\System32\ucrtbase.dll
0x00007ffac81c0000 - 0x00007ffac81db000 	C:\Program Files\Android\Android Studio\jbr\bin\VCRUNTIME140.dll
0x00007ffac2a20000 - 0x00007ffac2a37000 	C:\Program Files\Android\Android Studio\jbr\bin\jli.dll
0x00007ffb08110000 - 0x00007ffb082ad000 	C:\WINDOWS\System32\USER32.dll
0x00007ffaf4b60000 - 0x00007ffaf4dfa000 	C:\WINDOWS\WinSxS\amd64_microsoft.windows.common-controls_6595b64144ccf1df_6.0.19041.1110_none_60b5254171f9507e\COMCTL32.dll
0x00007ffb07d10000 - 0x00007ffb07d32000 	C:\WINDOWS\System32\win32u.dll
0x00007ffb09960000 - 0x00007ffb0998c000 	C:\WINDOWS\System32\GDI32.dll
0x00007ffb093c0000 - 0x00007ffb0945e000 	C:\WINDOWS\System32\msvcrt.dll
0x00007ffb07ff0000 - 0x00007ffb08105000 	C:\WINDOWS\System32\gdi32full.dll
0x00007ffb07df0000 - 0x00007ffb07e8d000 	C:\WINDOWS\System32\msvcp_win.dll
0x00007ffb08390000 - 0x00007ffb083c0000 	C:\WINDOWS\System32\IMM32.DLL
0x00007ffaeffa0000 - 0x00007ffaeffac000 	C:\Program Files\Android\Android Studio\jbr\bin\vcruntime140_1.dll
0x00007ffac1190000 - 0x00007ffac121d000 	C:\Program Files\Android\Android Studio\jbr\bin\msvcp140.dll
0x00007ffab66a0000 - 0x00007ffab730d000 	C:\Program Files\Android\Android Studio\jbr\bin\server\jvm.dll
0x00007ffb08db0000 - 0x00007ffb08e5f000 	C:\WINDOWS\System32\ADVAPI32.dll
0x00007ffb083c0000 - 0x00007ffb0845c000 	C:\WINDOWS\System32\sechost.dll
0x00007ffb09020000 - 0x00007ffb09146000 	C:\WINDOWS\System32\RPCRT4.dll
0x00007ffb03330000 - 0x00007ffb03339000 	C:\WINDOWS\SYSTEM32\WSOCK32.dll
0x00007ffaf4e60000 - 0x00007ffaf4e87000 	C:\WINDOWS\SYSTEM32\WINMM.dll
0x00007ffb09200000 - 0x00007ffb0926b000 	C:\WINDOWS\System32\WS2_32.dll
0x00007ffafe920000 - 0x00007ffafe92a000 	C:\WINDOWS\SYSTEM32\VERSION.dll
0x00007ffb055f0000 - 0x00007ffb05602000 	C:\WINDOWS\SYSTEM32\kernel.appcore.dll
0x00007ffaf1920000 - 0x00007ffaf192a000 	C:\Program Files\Android\Android Studio\jbr\bin\jimage.dll
0x00007ffafde60000 - 0x00007ffafe044000 	C:\WINDOWS\SYSTEM32\DBGHELP.DLL
0x00007ffaf4e00000 - 0x00007ffaf4e34000 	C:\WINDOWS\SYSTEM32\dbgcore.DLL
0x00007ffb07c50000 - 0x00007ffb07cd2000 	C:\WINDOWS\System32\bcryptPrimitives.dll
0x00007ffaf18f0000 - 0x00007ffaf1915000 	C:\Program Files\Android\Android Studio\jbr\bin\java.dll
0x00007ffaf1640000 - 0x00007ffaf1658000 	C:\Program Files\Android\Android Studio\jbr\bin\zip.dll
0x00007ffb08660000 - 0x00007ffb08da4000 	C:\WINDOWS\System32\SHELL32.dll
0x00007ffb057f0000 - 0x00007ffb05f83000 	C:\WINDOWS\SYSTEM32\windows.storage.dll
0x00007ffb094d0000 - 0x00007ffb09824000 	C:\WINDOWS\System32\combase.dll
0x00007ffb07020000 - 0x00007ffb0704e000 	C:\WINDOWS\SYSTEM32\Wldp.dll
0x00007ffb09150000 - 0x00007ffb091fd000 	C:\WINDOWS\System32\SHCORE.dll
0x00007ffb09470000 - 0x00007ffb094c5000 	C:\WINDOWS\System32\shlwapi.dll
0x00007ffb076c0000 - 0x00007ffb076e5000 	C:\WINDOWS\SYSTEM32\profapi.dll
0x00007ffaf1620000 - 0x00007ffaf1639000 	C:\Program Files\Android\Android Studio\jbr\bin\net.dll
0x00007ffb00800000 - 0x00007ffb0090a000 	C:\WINDOWS\SYSTEM32\WINHTTP.dll
0x00007ffb06e00000 - 0x00007ffb06e6a000 	C:\WINDOWS\system32\mswsock.dll
0x00007ffaf1600000 - 0x00007ffaf1616000 	C:\Program Files\Android\Android Studio\jbr\bin\nio.dll
0x00007ffaf1590000 - 0x00007ffaf15a0000 	C:\Program Files\Android\Android Studio\jbr\bin\verify.dll

dbghelp: loaded successfully - version: 4.0.5 - missing functions: none
symbol engine: initialized successfully - sym options: 0x614 - pdb path: .;C:\Program Files\Android\Android Studio\jbr\bin;C:\WINDOWS\SYSTEM32;C:\WINDOWS\WinSxS\amd64_microsoft.windows.common-controls_6595b64144ccf1df_6.0.19041.1110_none_60b5254171f9507e;C:\Program Files\Android\Android Studio\jbr\bin\server

VM Arguments:
java_command: org.jetbrains.kotlin.cli.jvm.K2JVMCompiler @C:\Users\DaViD\AndroidStudioProjects\MyWeatherApp\app\build\20230813_18325125179830535102.compiler.options
java_class_path (initial): C:\Users\DaViD\.gradle\caches\modules-2\files-2.1\org.jetbrains.kotlin\kotlin-compiler-embeddable\1.7.20\8db18559a581dd2c36ddfd5046af145650f5b126\kotlin-compiler-embeddable-1.7.20.jar;C:\Users\DaViD\.gradle\caches\modules-2\files-2.1\org.jetbrains.kotlin\kotlin-reflect\1.7.20\12b2501e33bb6373e8e347c86d85481863629381\kotlin-reflect-1.7.20.jar;C:\Users\DaViD\.gradle\caches\modules-2\files-2.1\org.jetbrains.kotlin\kotlin-stdlib\1.7.20\726594ea9ba2beb2ee113647fefa9a10f9fabe52\kotlin-stdlib-1.7.20.jar;C:\Users\DaViD\.gradle\caches\modules-2\files-2.1\org.jetbrains.kotlin\kotlin-script-runtime\1.7.20\bcd1cc6f865e632550357fcc59f5ffd532615a8\kotlin-script-runtime-1.7.20.jar;C:\Users\DaViD\.gradle\caches\modules-2\files-2.1\org.jetbrains.kotlin\kotlin-daemon-embeddable\1.7.20\1e24355adad8d529d75d5b19eab55484057431ba\kotlin-daemon-embeddable-1.7.20.jar;C:\Users\DaViD\.gradle\caches\modules-2\files-2.1\org.jetbrains.intellij.deps\trove4j\1.0.20200330\3afb14d5f9ceb459d724e907a21145e8ff394f02\trove4j-1.0.20200330.jar;C:\Users\DaViD\.gradle\caches\modules-2\files-2.1\net.java.dev.jna\jna\5.6.0\330f2244e9030119ab3030fc3fededc86713d9cc\jna-5.6.0.jar;C:\Users\DaViD\.gradle\caches\modules-2\files-2.1\org.jetbrains.kotlin\kotlin-stdlib-common\1.7.20\e15351bdaf9fa06f009be5da7a202e4184f00ae3\kotlin-stdlib-common-1.7.20.jar;C:\Users\DaViD\.gradle\caches\modules-2\files-2.1\org.jetbrains\annotations\13.0\919f0dfe192fb4e063e7dacadee7f8bb9a2672a9\annotations-13.0.jar
Launcher Type: SUN_STANDARD

[Global flags]
     intx CICompilerCount                          = 4                                         {product} {ergonomic}
     uint ConcGCThreads                            = 2                                         {product} {ergonomic}
     uint G1ConcRefinementThreads                  = 8                                         {product} {ergonomic}
   size_t G1HeapRegionSize                         = 1048576                                   {product} {ergonomic}
    uintx GCDrainStackTargetSize                   = 64                                        {product} {ergonomic}
   size_t InitialHeapSize                          = 134217728                                 {product} {ergonomic}
   size_t MarkStackSize                            = 4194304                                   {product} {ergonomic}
   size_t MaxHeapSize                              = 2116026368                                {product} {ergonomic}
   size_t MaxNewSize                               = 1268776960                                {product} {ergonomic}
   size_t MinHeapDeltaBytes                        = 1048576                                   {product} {ergonomic}
   size_t MinHeapSize                              = 8388608                                   {product} {ergonomic}
    uintx NonNMethodCodeHeapSize                   = 5839372                                {pd product} {ergonomic}
    uintx NonProfiledCodeHeapSize                  = 122909434                              {pd product} {ergonomic}
    uintx ProfiledCodeHeapSize                     = 122909434                              {pd product} {ergonomic}
    uintx ReservedCodeCacheSize                    = 251658240                              {pd product} {ergonomic}
     bool SegmentedCodeCache                       = true                                      {product} {ergonomic}
   size_t SoftMaxHeapSize                          = 2116026368                             {manageable} {ergonomic}
     bool UseCompressedClassPointers               = true                           {product lp64_product} {ergonomic}
     bool UseCompressedOops                        = true                           {product lp64_product} {ergonomic}
     bool UseG1GC                                  = true                                      {product} {ergonomic}
     bool UseLargePagesIndividualAllocation        = false                                  {pd product} {ergonomic}

Logging:
Log output configuration:
 #0: stdout all=warning uptime,level,tags
 #1: stderr all=off uptime,level,tags

Environment Variables:
JAVA_HOME=C:\PROGRA~1\Java\JDK-13~1.2
PATH=C:\Python39\Scripts\;C:\Python39\;C:\Program Files\Java\jdk-13.0.2\bin;C:\Program Files (x86)\Bitvise SSH Client;C:\ProgramData\chocolatey\bin;C:\Program Files\dotnet\;C:\Program Files\Git\cmd;C:\Program Files\nodejs\;C:\Program Files (x86)\AMD\ATI.ACE\Core-Static;C:\Users\DaViD\.poetry\bin;C:\Users\DaViD\AppData\Local\Programs\Python\Python310\Scripts\;C:\Users\DaViD\AppData\Local\Programs\Python\Python310\;C:\Windows\System32;C:\Users\DaViD\AppData\Local\Programs\Microsoft VS Code\bin;C:\Users\DaViD\.dotnet\tools;C:\Python39;C:\opencv\build\x64\vc15\bin;;c:\users\david\appdata\roaming\python\python310\scripts;c:\users\david\.local\bin;C:\Users\DaViD\AppData\Roaming\npm;C:\Program Files\JetBrains\CLion 2023.1.3\bin;
USERNAME=DaViD
OS=Windows_NT
PROCESSOR_IDENTIFIER=Intel64 Family 6 Model 58 Stepping 9, GenuineIntel
TMP=C:\Users\DaViD\AppData\Local\Temp
TEMP=C:\Users\DaViD\AppData\Local\Temp



---------------  S Y S T E M  ---------------

OS:
 Windows 10 , 64 bit Build 19041 (10.0.19041.3155)
OS uptime: 0 days 2:24 hours
Hyper-V role detected

CPU: total 8 (initial active 8) (4 cores per cpu, 2 threads per core) family 6 model 58 stepping 9 microcode 0x21, cx8, cmov, fxsr, ht, mmx, sse, sse2, sse3, ssse3, sse4.1, sse4.2, popcnt, tsc, tscinvbit, avx, aes, erms, clmul, vzeroupper, clflush, hv

Memory: 4k page, system-wide physical 8067M (646M free)
TotalPageFile size 10749M (AvailPageFile size 234M)
current process WorkingSet (physical memory assigned to process): 362M, peak: 374M
current process commit charge ("private bytes"): 399M, peak: 667M

vm_info: OpenJDK 64-Bit Server VM (17.0.6+0-b2043.56-9586694) for windows-amd64 JRE (17.0.6+0-b2043.56-9586694), built on Feb  9 2023 20:06:20 by "androidbuild" with MS VC++ 16.10 / 16.11 (VS2019)

END.
